This is pdfTeX, Version 3.14159265-2.6-1.40.21 (TeX Live 2020) (preloaded format=pdflatex 2021.3.21)  14 APR 2021 19:02
entering extended mode
 restricted \write18 enabled.
 %&-line parsing enabled.
**introR.tex
(./introR.tex
LaTeX2e <2020-10-01> patch level 4
L3 programming layer <2021-02-18> (./pinp.cls
Document Class: pinp 2019-Sep-07, based on pnas-new 2018/05/06, v1.44
(/Users/josecaro/Library/TinyTeX/texmf-dist/tex/latex/extsizes/extarticle.cls
Document Class: extarticle 1996/10/08 v1.0 Non Standard LaTeX document class
(/Users/josecaro/Library/TinyTeX/texmf-dist/tex/latex/extsizes/size9.clo
File: size9.clo 1999/11/11 v1.4a NON-Standard LaTeX file (size option)
) (/Users/josecaro/Library/TinyTeX/texmf-dist/tex/latex/base/exscale.sty
Package: exscale 2018/09/24 v2.1i Standard LaTeX package exscale
LaTeX Font Info:    Redeclaring symbol font `largesymbols' on input line 57.
LaTeX Font Info:    Overwriting symbol font `largesymbols' in version `normal'
(Font)                  OMX/cmex/m/n --> OMX/cmex/m/n on input line 57.
LaTeX Font Info:    Overwriting symbol font `largesymbols' in version `bold'
(Font)                  OMX/cmex/m/n --> OMX/cmex/m/n on input line 57.
\big@size=\dimen138
)
\c@part=\count179
\c@section=\count180
\c@subsection=\count181
\c@subsubsection=\count182
\c@paragraph=\count183
\c@subparagraph=\count184
\c@figure=\count185
\c@table=\count186
\abovecaptionskip=\skip47
\belowcaptionskip=\skip48
\bibindent=\dimen139
) (/Users/josecaro/Library/TinyTeX/texmf-dist/tex/latex/base/inputenc.sty
Package: inputenc 2020/08/01 v1.3d Input encoding file
\inpenc@prehook=\toks15
\inpenc@posthook=\toks16
) (/Users/josecaro/Library/TinyTeX/texmf-dist/tex/generic/babel/babel.sty
Package: babel 2021/03/03 3.55 The Babel package
(/Users/josecaro/Library/TinyTeX/texmf-dist/tex/generic/babel/babel.def
File: babel.def 2021/03/03 3.55 Babel common definitions
\babel@savecnt=\count187
\U@D=\dimen140
\l@babelnohyphens=\language9
(/Users/josecaro/Library/TinyTeX/texmf-dist/tex/generic/babel/txtbabel.def)
\bbl@readstream=\read2
)
\bbl@dirlevel=\count188

(/Users/josecaro/Library/TinyTeX/texmf-dist/tex/generic/babel-spanish/spanish.l
df
Language: spanish.ldf 2016/03/03 v5.0p Spanish support from the babel system
\es@quottoks=\toks17
\es@quotdepth=\count189
Package babel Info: Making " an active character on input line 561.
Package babel Info: Making . an active character on input line 662.
Package babel Info: Making < an active character on input line 707.
Package babel Info: Making > an active character on input line 707.
)) (/Users/josecaro/Library/TinyTeX/texmf-dist/tex/latex/amsmath/amsmath.sty
Package: amsmath 2020/09/23 v2.17i AMS math features
\@mathmargin=\skip49
For additional information on amsmath, use the `?' option.
(/Users/josecaro/Library/TinyTeX/texmf-dist/tex/latex/amsmath/amstext.sty
Package: amstext 2000/06/29 v2.01 AMS text
(/Users/josecaro/Library/TinyTeX/texmf-dist/tex/latex/amsmath/amsgen.sty
File: amsgen.sty 1999/11/30 v2.0 generic functions
\@emptytoks=\toks18
\ex@=\dimen141
)) (/Users/josecaro/Library/TinyTeX/texmf-dist/tex/latex/amsmath/amsbsy.sty
Package: amsbsy 1999/11/29 v1.2d Bold Symbols
\pmbraise@=\dimen142
) (/Users/josecaro/Library/TinyTeX/texmf-dist/tex/latex/amsmath/amsopn.sty
Package: amsopn 2016/03/08 v2.02 operator names
)
\inf@bad=\count190
LaTeX Info: Redefining \frac on input line 234.
\uproot@=\count191
\leftroot@=\count192
LaTeX Info: Redefining \overline on input line 399.
\classnum@=\count193
\DOTSCASE@=\count194
LaTeX Info: Redefining \ldots on input line 496.
LaTeX Info: Redefining \dots on input line 499.
LaTeX Info: Redefining \cdots on input line 620.
\Mathstrutbox@=\box47
\strutbox@=\box48
\big@size=\dimen143
LaTeX Font Info:    Redeclaring font encoding OML on input line 743.
LaTeX Font Info:    Redeclaring font encoding OMS on input line 744.
\macc@depth=\count195
\c@MaxMatrixCols=\count196
\dotsspace@=\muskip16
\c@parentequation=\count197
\dspbrk@lvl=\count198
\tag@help=\toks19
\row@=\count199
\column@=\count266
\maxfields@=\count267
\andhelp@=\toks20
\eqnshift@=\dimen144
\alignsep@=\dimen145
\tagshift@=\dimen146
\tagwidth@=\dimen147
\totwidth@=\dimen148
\lineht@=\dimen149
\@envbody=\toks21
\multlinegap=\skip50
\multlinetaggap=\skip51
\mathdisplay@stack=\toks22
LaTeX Info: Redefining \[ on input line 2923.
LaTeX Info: Redefining \] on input line 2924.
) (/Users/josecaro/Library/TinyTeX/texmf-dist/tex/latex/amsfonts/amsfonts.sty
Package: amsfonts 2013/01/14 v3.01 Basic AMSFonts support
\symAMSa=\mathgroup4
\symAMSb=\mathgroup5
LaTeX Font Info:    Redeclaring math symbol \hbar on input line 98.
LaTeX Font Info:    Overwriting math alphabet `\mathfrak' in version `bold'
(Font)                  U/euf/m/n --> U/euf/b/n on input line 106.
) (/Users/josecaro/Library/TinyTeX/texmf-dist/tex/latex/amsfonts/amssymb.sty
Package: amssymb 2013/01/14 v3.01 AMS font symbols
) (/Users/josecaro/Library/TinyTeX/texmf-dist/tex/latex/lm/lmodern.sty
Package: lmodern 2009/10/30 v1.6 Latin Modern Fonts
LaTeX Font Info:    Overwriting symbol font `operators' in version `normal'
(Font)                  OT1/cmr/m/n --> OT1/lmr/m/n on input line 22.
LaTeX Font Info:    Overwriting symbol font `letters' in version `normal'
(Font)                  OML/cmm/m/it --> OML/lmm/m/it on input line 23.
LaTeX Font Info:    Overwriting symbol font `symbols' in version `normal'
(Font)                  OMS/cmsy/m/n --> OMS/lmsy/m/n on input line 24.
LaTeX Font Info:    Overwriting symbol font `largesymbols' in version `normal'
(Font)                  OMX/cmex/m/n --> OMX/lmex/m/n on input line 25.
LaTeX Font Info:    Overwriting symbol font `operators' in version `bold'
(Font)                  OT1/cmr/bx/n --> OT1/lmr/bx/n on input line 26.
LaTeX Font Info:    Overwriting symbol font `letters' in version `bold'
(Font)                  OML/cmm/b/it --> OML/lmm/b/it on input line 27.
LaTeX Font Info:    Overwriting symbol font `symbols' in version `bold'
(Font)                  OMS/cmsy/b/n --> OMS/lmsy/b/n on input line 28.
LaTeX Font Info:    Overwriting symbol font `largesymbols' in version `bold'
(Font)                  OMX/cmex/m/n --> OMX/lmex/m/n on input line 29.
LaTeX Font Info:    Overwriting math alphabet `\mathbf' in version `normal'
(Font)                  OT1/cmr/bx/n --> OT1/lmr/bx/n on input line 31.
LaTeX Font Info:    Overwriting math alphabet `\mathsf' in version `normal'
(Font)                  OT1/cmss/m/n --> OT1/lmss/m/n on input line 32.
LaTeX Font Info:    Overwriting math alphabet `\mathit' in version `normal'
(Font)                  OT1/cmr/m/it --> OT1/lmr/m/it on input line 33.
LaTeX Font Info:    Overwriting math alphabet `\mathtt' in version `normal'
(Font)                  OT1/cmtt/m/n --> OT1/lmtt/m/n on input line 34.
LaTeX Font Info:    Overwriting math alphabet `\mathbf' in version `bold'
(Font)                  OT1/cmr/bx/n --> OT1/lmr/bx/n on input line 35.
LaTeX Font Info:    Overwriting math alphabet `\mathsf' in version `bold'
(Font)                  OT1/cmss/bx/n --> OT1/lmss/bx/n on input line 36.
LaTeX Font Info:    Overwriting math alphabet `\mathit' in version `bold'
(Font)                  OT1/cmr/bx/it --> OT1/lmr/bx/it on input line 37.
LaTeX Font Info:    Overwriting math alphabet `\mathtt' in version `bold'
(Font)                  OT1/cmtt/m/n --> OT1/lmtt/m/n on input line 38.
) (/Users/josecaro/Library/TinyTeX/texmf-dist/tex/latex/psnfss/helvet.sty
Package: helvet 2020/03/25 PSNFSS-v9.3 (WaS) 
(/Users/josecaro/Library/TinyTeX/texmf-dist/tex/latex/graphics/keyval.sty
Package: keyval 2014/10/28 v1.15 key=value parser (DPC)
\KV@toks@=\toks23
)) (/Users/josecaro/Library/TinyTeX/texmf-dist/tex/latex/base/fontenc.sty
Package: fontenc 2020/08/10 v2.0s Standard LaTeX package
LaTeX Font Info:    Trying to load font information for T1+lmr on input line 11
2.
(/Users/josecaro/Library/TinyTeX/texmf-dist/tex/latex/lm/t1lmr.fd
File: t1lmr.fd 2009/10/30 v1.6 Font defs for Latin Modern
)) (/Users/josecaro/Library/TinyTeX/texmf-dist/tex/latex/lettrine/lettrine.sty
File: lettrine.sty 2020-03-14 v2.23 (Daniel Flipo)
(/Users/josecaro/Library/TinyTeX/texmf-dist/tex/generic/minifp/minifp.sty
Package: minifp 2013/12/30 v0.96. Macros for real number operations and a stack
-based programing language.
\MFP@loopctr=\count268
)
\c@DefaultLines=\count269
\c@DefaultDepth=\count270
\DefaultFindent=\dimen150
\DefaultNindent=\dimen151
\DefaultSlope=\dimen152
\DiscardVskip=\dimen153
\L@lbox=\box49
\L@tbox=\box50
\c@L@lines=\count271
\c@L@depth=\count272
\L@Pindent=\dimen154
\L@Findent=\dimen155
\L@Nindent=\dimen156
\L@lraise=\dimen157
\L@first=\dimen158
\L@next=\dimen159
\L@slope=\dimen160
\L@height=\dimen161
\L@novskip=\dimen162
\L@target@ht=\dimen163
\L@target@dp=\dimen164
\L@target@tht=\dimen165
\LettrineWidth=\dimen166
\LettrineHeight=\dimen167
\LettrineDepth=\dimen168
\Llist@everypar=\toks24
Loading lettrine.cfg
(/Users/josecaro/Library/TinyTeX/texmf-dist/tex/latex/lettrine/lettrine.cfg)) (
/Users/josecaro/Library/TinyTeX/texmf-dist/tex/latex/tools/afterpage.sty
Package: afterpage 2014/10/28 v1.08 After-Page Package (DPC)
\AP@output=\toks25
\AP@partial=\box51
\AP@footins=\box52
) (/Users/josecaro/Library/TinyTeX/texmf-dist/tex/generic/iftex/ifpdf.sty
Package: ifpdf 2019/10/25 v3.4 ifpdf legacy package. Use iftex instead.
(/Users/josecaro/Library/TinyTeX/texmf-dist/tex/generic/iftex/iftex.sty
Package: iftex 2020/03/06 v1.0d TeX engine tests
)) (/Users/josecaro/Library/TinyTeX/texmf-dist/tex/generic/iftex/ifxetex.sty
Package: ifxetex 2019/10/25 v0.7 ifxetex legacy package. Use iftex instead.
) (/Users/josecaro/Library/TinyTeX/texmf-dist/tex/latex/xcolor/xcolor.sty
Package: xcolor 2016/05/11 v2.12 LaTeX color extensions (UK)
(/Users/josecaro/Library/TinyTeX/texmf-dist/tex/latex/graphics-cfg/color.cfg
File: color.cfg 2016/01/02 v1.6 sample color configuration
)
Package xcolor Info: Driver file: pdftex.def on input line 225.
(/Users/josecaro/Library/TinyTeX/texmf-dist/tex/latex/graphics-def/pdftex.def
File: pdftex.def 2020/10/05 v1.2a Graphics/color driver for pdftex
)
Package xcolor Info: Model `cmy' substituted by `cmy0' on input line 1348.
Package xcolor Info: Model `hsb' substituted by `rgb' on input line 1352.
Package xcolor Info: Model `RGB' extended on input line 1364.
Package xcolor Info: Model `HTML' substituted by `rgb' on input line 1366.
Package xcolor Info: Model `Hsb' substituted by `hsb' on input line 1367.
Package xcolor Info: Model `tHsb' substituted by `hsb' on input line 1368.
Package xcolor Info: Model `HSB' substituted by `hsb' on input line 1369.
Package xcolor Info: Model `Gray' substituted by `gray' on input line 1370.
Package xcolor Info: Model `wave' substituted by `hsb' on input line 1371.
)
(/Users/josecaro/Library/TinyTeX/texmf-dist/tex/latex/pgf/frontendlayer/tikz.st
y (/Users/josecaro/Library/TinyTeX/texmf-dist/tex/latex/pgf/basiclayer/pgf.sty 
(/Users/josecaro/Library/TinyTeX/texmf-dist/tex/latex/pgf/utilities/pgfrcs.sty
(/Users/josecaro/Library/TinyTeX/texmf-dist/tex/generic/pgf/utilities/pgfutil-c
ommon.tex
\pgfutil@everybye=\toks26
\pgfutil@tempdima=\dimen169
\pgfutil@tempdimb=\dimen170

(/Users/josecaro/Library/TinyTeX/texmf-dist/tex/generic/pgf/utilities/pgfutil-c
ommon-lists.tex))
(/Users/josecaro/Library/TinyTeX/texmf-dist/tex/generic/pgf/utilities/pgfutil-l
atex.def
\pgfutil@abb=\box53
)
(/Users/josecaro/Library/TinyTeX/texmf-dist/tex/generic/pgf/utilities/pgfrcs.co
de.tex (/Users/josecaro/Library/TinyTeX/texmf-dist/tex/generic/pgf/pgf.revision
.tex)
Package: pgfrcs 2020/12/27 v3.1.8b (3.1.8b)
))
Package: pgf 2020/12/27 v3.1.8b (3.1.8b)

(/Users/josecaro/Library/TinyTeX/texmf-dist/tex/latex/pgf/basiclayer/pgfcore.st
y (/Users/josecaro/Library/TinyTeX/texmf-dist/tex/latex/graphics/graphicx.sty
Package: graphicx 2020/09/09 v1.2b Enhanced LaTeX Graphics (DPC,SPQR)
(/Users/josecaro/Library/TinyTeX/texmf-dist/tex/latex/graphics/graphics.sty
Package: graphics 2020/08/30 v1.4c Standard LaTeX Graphics (DPC,SPQR)
(/Users/josecaro/Library/TinyTeX/texmf-dist/tex/latex/graphics/trig.sty
Package: trig 2016/01/03 v1.10 sin cos tan (DPC)
)
(/Users/josecaro/Library/TinyTeX/texmf-dist/tex/latex/graphics-cfg/graphics.cfg
File: graphics.cfg 2016/06/04 v1.11 sample graphics configuration
)
Package graphics Info: Driver file: pdftex.def on input line 105.
)
\Gin@req@height=\dimen171
\Gin@req@width=\dimen172
)
(/Users/josecaro/Library/TinyTeX/texmf-dist/tex/latex/pgf/systemlayer/pgfsys.st
y
(/Users/josecaro/Library/TinyTeX/texmf-dist/tex/generic/pgf/systemlayer/pgfsys.
code.tex
Package: pgfsys 2020/12/27 v3.1.8b (3.1.8b)

(/Users/josecaro/Library/TinyTeX/texmf-dist/tex/generic/pgf/utilities/pgfkeys.c
ode.tex
\pgfkeys@pathtoks=\toks27
\pgfkeys@temptoks=\toks28

(/Users/josecaro/Library/TinyTeX/texmf-dist/tex/generic/pgf/utilities/pgfkeysfi
ltered.code.tex
\pgfkeys@tmptoks=\toks29
))
\pgf@x=\dimen173
\pgf@y=\dimen174
\pgf@xa=\dimen175
\pgf@ya=\dimen176
\pgf@xb=\dimen177
\pgf@yb=\dimen178
\pgf@xc=\dimen179
\pgf@yc=\dimen180
\pgf@xd=\dimen181
\pgf@yd=\dimen182
\w@pgf@writea=\write3
\r@pgf@reada=\read3
\c@pgf@counta=\count273
\c@pgf@countb=\count274
\c@pgf@countc=\count275
\c@pgf@countd=\count276
\t@pgf@toka=\toks30
\t@pgf@tokb=\toks31
\t@pgf@tokc=\toks32
\pgf@sys@id@count=\count277

(/Users/josecaro/Library/TinyTeX/texmf-dist/tex/generic/pgf/systemlayer/pgf.cfg
File: pgf.cfg 2020/12/27 v3.1.8b (3.1.8b)
)
Driver file for pgf: pgfsys-pdftex.def

(/Users/josecaro/Library/TinyTeX/texmf-dist/tex/generic/pgf/systemlayer/pgfsys-
pdftex.def
File: pgfsys-pdftex.def 2020/12/27 v3.1.8b (3.1.8b)

(/Users/josecaro/Library/TinyTeX/texmf-dist/tex/generic/pgf/systemlayer/pgfsys-
common-pdf.def
File: pgfsys-common-pdf.def 2020/12/27 v3.1.8b (3.1.8b)
)))
(/Users/josecaro/Library/TinyTeX/texmf-dist/tex/generic/pgf/systemlayer/pgfsyss
oftpath.code.tex
File: pgfsyssoftpath.code.tex 2020/12/27 v3.1.8b (3.1.8b)
\pgfsyssoftpath@smallbuffer@items=\count278
\pgfsyssoftpath@bigbuffer@items=\count279
)
(/Users/josecaro/Library/TinyTeX/texmf-dist/tex/generic/pgf/systemlayer/pgfsysp
rotocol.code.tex
File: pgfsysprotocol.code.tex 2020/12/27 v3.1.8b (3.1.8b)
))
(/Users/josecaro/Library/TinyTeX/texmf-dist/tex/generic/pgf/basiclayer/pgfcore.
code.tex
Package: pgfcore 2020/12/27 v3.1.8b (3.1.8b)

(/Users/josecaro/Library/TinyTeX/texmf-dist/tex/generic/pgf/math/pgfmath.code.t
ex
(/Users/josecaro/Library/TinyTeX/texmf-dist/tex/generic/pgf/math/pgfmathcalc.co
de.tex
(/Users/josecaro/Library/TinyTeX/texmf-dist/tex/generic/pgf/math/pgfmathutil.co
de.tex)
(/Users/josecaro/Library/TinyTeX/texmf-dist/tex/generic/pgf/math/pgfmathparser.
code.tex
\pgfmath@dimen=\dimen183
\pgfmath@count=\count280
\pgfmath@box=\box54
\pgfmath@toks=\toks33
\pgfmath@stack@operand=\toks34
\pgfmath@stack@operation=\toks35
)
(/Users/josecaro/Library/TinyTeX/texmf-dist/tex/generic/pgf/math/pgfmathfunctio
ns.code.tex
(/Users/josecaro/Library/TinyTeX/texmf-dist/tex/generic/pgf/math/pgfmathfunctio
ns.basic.code.tex)
(/Users/josecaro/Library/TinyTeX/texmf-dist/tex/generic/pgf/math/pgfmathfunctio
ns.trigonometric.code.tex)
(/Users/josecaro/Library/TinyTeX/texmf-dist/tex/generic/pgf/math/pgfmathfunctio
ns.random.code.tex)
(/Users/josecaro/Library/TinyTeX/texmf-dist/tex/generic/pgf/math/pgfmathfunctio
ns.comparison.code.tex)
(/Users/josecaro/Library/TinyTeX/texmf-dist/tex/generic/pgf/math/pgfmathfunctio
ns.base.code.tex)
(/Users/josecaro/Library/TinyTeX/texmf-dist/tex/generic/pgf/math/pgfmathfunctio
ns.round.code.tex)
(/Users/josecaro/Library/TinyTeX/texmf-dist/tex/generic/pgf/math/pgfmathfunctio
ns.misc.code.tex)
(/Users/josecaro/Library/TinyTeX/texmf-dist/tex/generic/pgf/math/pgfmathfunctio
ns.integerarithmetics.code.tex)))
(/Users/josecaro/Library/TinyTeX/texmf-dist/tex/generic/pgf/math/pgfmathfloat.c
ode.tex
\c@pgfmathroundto@lastzeros=\count281
))
(/Users/josecaro/Library/TinyTeX/texmf-dist/tex/generic/pgf/math/pgfint.code.te
x)
(/Users/josecaro/Library/TinyTeX/texmf-dist/tex/generic/pgf/basiclayer/pgfcorep
oints.code.tex
File: pgfcorepoints.code.tex 2020/12/27 v3.1.8b (3.1.8b)
\pgf@picminx=\dimen184
\pgf@picmaxx=\dimen185
\pgf@picminy=\dimen186
\pgf@picmaxy=\dimen187
\pgf@pathminx=\dimen188
\pgf@pathmaxx=\dimen189
\pgf@pathminy=\dimen190
\pgf@pathmaxy=\dimen191
\pgf@xx=\dimen192
\pgf@xy=\dimen193
\pgf@yx=\dimen194
\pgf@yy=\dimen195
\pgf@zx=\dimen196
\pgf@zy=\dimen197
)
(/Users/josecaro/Library/TinyTeX/texmf-dist/tex/generic/pgf/basiclayer/pgfcorep
athconstruct.code.tex
File: pgfcorepathconstruct.code.tex 2020/12/27 v3.1.8b (3.1.8b)
\pgf@path@lastx=\dimen198
\pgf@path@lasty=\dimen199
)
(/Users/josecaro/Library/TinyTeX/texmf-dist/tex/generic/pgf/basiclayer/pgfcorep
athusage.code.tex
File: pgfcorepathusage.code.tex 2020/12/27 v3.1.8b (3.1.8b)
\pgf@shorten@end@additional=\dimen256
\pgf@shorten@start@additional=\dimen257
)
(/Users/josecaro/Library/TinyTeX/texmf-dist/tex/generic/pgf/basiclayer/pgfcores
copes.code.tex
File: pgfcorescopes.code.tex 2020/12/27 v3.1.8b (3.1.8b)
\pgfpic=\box55
\pgf@hbox=\box56
\pgf@layerbox@main=\box57
\pgf@picture@serial@count=\count282
)
(/Users/josecaro/Library/TinyTeX/texmf-dist/tex/generic/pgf/basiclayer/pgfcoreg
raphicstate.code.tex
File: pgfcoregraphicstate.code.tex 2020/12/27 v3.1.8b (3.1.8b)
\pgflinewidth=\dimen258
)
(/Users/josecaro/Library/TinyTeX/texmf-dist/tex/generic/pgf/basiclayer/pgfcoret
ransformations.code.tex
File: pgfcoretransformations.code.tex 2020/12/27 v3.1.8b (3.1.8b)
\pgf@pt@x=\dimen259
\pgf@pt@y=\dimen260
\pgf@pt@temp=\dimen261
)
(/Users/josecaro/Library/TinyTeX/texmf-dist/tex/generic/pgf/basiclayer/pgfcoreq
uick.code.tex
File: pgfcorequick.code.tex 2020/12/27 v3.1.8b (3.1.8b)
)
(/Users/josecaro/Library/TinyTeX/texmf-dist/tex/generic/pgf/basiclayer/pgfcoreo
bjects.code.tex
File: pgfcoreobjects.code.tex 2020/12/27 v3.1.8b (3.1.8b)
)
(/Users/josecaro/Library/TinyTeX/texmf-dist/tex/generic/pgf/basiclayer/pgfcorep
athprocessing.code.tex
File: pgfcorepathprocessing.code.tex 2020/12/27 v3.1.8b (3.1.8b)
)
(/Users/josecaro/Library/TinyTeX/texmf-dist/tex/generic/pgf/basiclayer/pgfcorea
rrows.code.tex
File: pgfcorearrows.code.tex 2020/12/27 v3.1.8b (3.1.8b)
\pgfarrowsep=\dimen262
)
(/Users/josecaro/Library/TinyTeX/texmf-dist/tex/generic/pgf/basiclayer/pgfcores
hade.code.tex
File: pgfcoreshade.code.tex 2020/12/27 v3.1.8b (3.1.8b)
\pgf@max=\dimen263
\pgf@sys@shading@range@num=\count283
\pgf@shadingcount=\count284
)
(/Users/josecaro/Library/TinyTeX/texmf-dist/tex/generic/pgf/basiclayer/pgfcorei
mage.code.tex
File: pgfcoreimage.code.tex 2020/12/27 v3.1.8b (3.1.8b)

(/Users/josecaro/Library/TinyTeX/texmf-dist/tex/generic/pgf/basiclayer/pgfcoree
xternal.code.tex
File: pgfcoreexternal.code.tex 2020/12/27 v3.1.8b (3.1.8b)
\pgfexternal@startupbox=\box58
))
(/Users/josecaro/Library/TinyTeX/texmf-dist/tex/generic/pgf/basiclayer/pgfcorel
ayers.code.tex
File: pgfcorelayers.code.tex 2020/12/27 v3.1.8b (3.1.8b)
)
(/Users/josecaro/Library/TinyTeX/texmf-dist/tex/generic/pgf/basiclayer/pgfcoret
ransparency.code.tex
File: pgfcoretransparency.code.tex 2020/12/27 v3.1.8b (3.1.8b)
)
(/Users/josecaro/Library/TinyTeX/texmf-dist/tex/generic/pgf/basiclayer/pgfcorep
atterns.code.tex
File: pgfcorepatterns.code.tex 2020/12/27 v3.1.8b (3.1.8b)
)
(/Users/josecaro/Library/TinyTeX/texmf-dist/tex/generic/pgf/basiclayer/pgfcorer
df.code.tex
File: pgfcorerdf.code.tex 2020/12/27 v3.1.8b (3.1.8b)
)))
(/Users/josecaro/Library/TinyTeX/texmf-dist/tex/generic/pgf/modules/pgfmodulesh
apes.code.tex
File: pgfmoduleshapes.code.tex 2020/12/27 v3.1.8b (3.1.8b)
\pgfnodeparttextbox=\box59
)
(/Users/josecaro/Library/TinyTeX/texmf-dist/tex/generic/pgf/modules/pgfmodulepl
ot.code.tex
File: pgfmoduleplot.code.tex 2020/12/27 v3.1.8b (3.1.8b)
)
(/Users/josecaro/Library/TinyTeX/texmf-dist/tex/latex/pgf/compatibility/pgfcomp
-version-0-65.sty
Package: pgfcomp-version-0-65 2020/12/27 v3.1.8b (3.1.8b)
\pgf@nodesepstart=\dimen264
\pgf@nodesepend=\dimen265
)
(/Users/josecaro/Library/TinyTeX/texmf-dist/tex/latex/pgf/compatibility/pgfcomp
-version-1-18.sty
Package: pgfcomp-version-1-18 2020/12/27 v3.1.8b (3.1.8b)
)) (/Users/josecaro/Library/TinyTeX/texmf-dist/tex/latex/pgf/utilities/pgffor.s
ty
(/Users/josecaro/Library/TinyTeX/texmf-dist/tex/latex/pgf/utilities/pgfkeys.sty

(/Users/josecaro/Library/TinyTeX/texmf-dist/tex/generic/pgf/utilities/pgfkeys.c
ode.tex)) (/Users/josecaro/Library/TinyTeX/texmf-dist/tex/latex/pgf/math/pgfmat
h.sty
(/Users/josecaro/Library/TinyTeX/texmf-dist/tex/generic/pgf/math/pgfmath.code.t
ex))
(/Users/josecaro/Library/TinyTeX/texmf-dist/tex/generic/pgf/utilities/pgffor.co
de.tex
Package: pgffor 2020/12/27 v3.1.8b (3.1.8b)

(/Users/josecaro/Library/TinyTeX/texmf-dist/tex/generic/pgf/math/pgfmath.code.t
ex)
\pgffor@iter=\dimen266
\pgffor@skip=\dimen267
\pgffor@stack=\toks36
\pgffor@toks=\toks37
))
(/Users/josecaro/Library/TinyTeX/texmf-dist/tex/generic/pgf/frontendlayer/tikz/
tikz.code.tex
Package: tikz 2020/12/27 v3.1.8b (3.1.8b)

(/Users/josecaro/Library/TinyTeX/texmf-dist/tex/generic/pgf/libraries/pgflibrar
yplothandlers.code.tex
File: pgflibraryplothandlers.code.tex 2020/12/27 v3.1.8b (3.1.8b)
\pgf@plot@mark@count=\count285
\pgfplotmarksize=\dimen268
)
\tikz@lastx=\dimen269
\tikz@lasty=\dimen270
\tikz@lastxsaved=\dimen271
\tikz@lastysaved=\dimen272
\tikz@lastmovetox=\dimen273
\tikz@lastmovetoy=\dimen274
\tikzleveldistance=\dimen275
\tikzsiblingdistance=\dimen276
\tikz@figbox=\box60
\tikz@figbox@bg=\box61
\tikz@tempbox=\box62
\tikz@tempbox@bg=\box63
\tikztreelevel=\count286
\tikznumberofchildren=\count287
\tikznumberofcurrentchild=\count288
\tikz@fig@count=\count289

(/Users/josecaro/Library/TinyTeX/texmf-dist/tex/generic/pgf/modules/pgfmodulema
trix.code.tex
File: pgfmodulematrix.code.tex 2020/12/27 v3.1.8b (3.1.8b)
\pgfmatrixcurrentrow=\count290
\pgfmatrixcurrentcolumn=\count291
\pgf@matrix@numberofcolumns=\count292
)
\tikz@expandcount=\count293

(/Users/josecaro/Library/TinyTeX/texmf-dist/tex/generic/pgf/frontendlayer/tikz/
libraries/tikzlibrarytopaths.code.tex
File: tikzlibrarytopaths.code.tex 2020/12/27 v3.1.8b (3.1.8b)
))) (/Users/josecaro/Library/TinyTeX/texmf-dist/tex/latex/mdframed/mdframed.sty
Package: mdframed 2013/07/01 1.9b: mdframed
(/Users/josecaro/Library/TinyTeX/texmf-dist/tex/latex/kvoptions/kvoptions.sty
Package: kvoptions 2020-10-07 v3.14 Key value format for package options (HO)
(/Users/josecaro/Library/TinyTeX/texmf-dist/tex/generic/ltxcmds/ltxcmds.sty
Package: ltxcmds 2020-05-10 v1.25 LaTeX kernel commands for general use (HO)
)
(/Users/josecaro/Library/TinyTeX/texmf-dist/tex/generic/kvsetkeys/kvsetkeys.sty
Package: kvsetkeys 2019/12/15 v1.18 Key value parser (HO)
))
(/Users/josecaro/Library/TinyTeX/texmf-dist/tex/latex/l3packages/xparse/xparse.
sty (/Users/josecaro/Library/TinyTeX/texmf-dist/tex/latex/l3kernel/expl3.sty
Package: expl3 2021-02-18 L3 programming layer (loader) 

(/Users/josecaro/Library/TinyTeX/texmf-dist/tex/latex/l3backend/l3backend-pdfte
x.def
File: l3backend-pdftex.def 2021-03-18 L3 backend support: PDF output (pdfTeX)
\l__color_backend_stack_int=\count294
\l__pdf_internal_box=\box64
))
(/Users/josecaro/Library/TinyTeX/texmf-dist/tex/latex/l3packages/xparse/xparse-
2020-10-01.sty
(/Users/josecaro/Library/TinyTeX/texmf-dist/tex/latex/l3packages/xparse/xparse-
generic.tex))) (/Users/josecaro/Library/TinyTeX/texmf-dist/tex/latex/etoolbox/e
toolbox.sty
Package: etoolbox 2020/10/05 v2.5k e-TeX tools for LaTeX (JAW)
\etb@tempcnta=\count295
) (/Users/josecaro/Library/TinyTeX/texmf-dist/tex/latex/zref/zref-abspage.sty
Package: zref-abspage 2020-07-03 v2.32 Module abspage for zref (HO)
(/Users/josecaro/Library/TinyTeX/texmf-dist/tex/latex/zref/zref-base.sty
Package: zref-base 2020-07-03 v2.32 Module base for zref (HO)

(/Users/josecaro/Library/TinyTeX/texmf-dist/tex/generic/infwarerr/infwarerr.sty
Package: infwarerr 2019/12/03 v1.5 Providing info/warning/error messages (HO)
)
(/Users/josecaro/Library/TinyTeX/texmf-dist/tex/generic/kvdefinekeys/kvdefineke
ys.sty
Package: kvdefinekeys 2019-12-19 v1.6 Define keys (HO)
)
(/Users/josecaro/Library/TinyTeX/texmf-dist/tex/generic/pdftexcmds/pdftexcmds.s
ty
Package: pdftexcmds 2020-06-27 v0.33 Utility functions of pdfTeX for LuaTeX (HO
)
Package pdftexcmds Info: \pdf@primitive is available.
Package pdftexcmds Info: \pdf@ifprimitive is available.
Package pdftexcmds Info: \pdfdraftmode found.
) (/Users/josecaro/Library/TinyTeX/texmf-dist/tex/generic/etexcmds/etexcmds.sty
Package: etexcmds 2019/12/15 v1.7 Avoid name clashes with e-TeX commands (HO)
) (/Users/josecaro/Library/TinyTeX/texmf-dist/tex/latex/auxhook/auxhook.sty
Package: auxhook 2019-12-17 v1.6 Hooks for auxiliary files (HO)
)
Package zref Info: New property list: main on input line 764.
Package zref Info: New property: default on input line 765.
Package zref Info: New property: page on input line 766.
) (/Users/josecaro/Library/TinyTeX/texmf-dist/tex/latex/base/atbegshi-ltx.sty
Package: atbegshi-ltx 2020/08/17 v1.0a Emulation of the original atbegshi packa
ge
with kernel methods
)
\c@abspage=\count296
Package zref Info: New property: abspage on input line 66.
) (/Users/josecaro/Library/TinyTeX/texmf-dist/tex/latex/needspace/needspace.sty
Package: needspace 2010/09/12 v1.3d reserve vertical space
)
\mdf@templength=\skip52
\c@mdf@globalstyle@cnt=\count297
\mdf@skipabove@length=\skip53
\mdf@skipbelow@length=\skip54
\mdf@leftmargin@length=\skip55
\mdf@rightmargin@length=\skip56
\mdf@innerleftmargin@length=\skip57
\mdf@innerrightmargin@length=\skip58
\mdf@innertopmargin@length=\skip59
\mdf@innerbottommargin@length=\skip60
\mdf@splittopskip@length=\skip61
\mdf@splitbottomskip@length=\skip62
\mdf@outermargin@length=\skip63
\mdf@innermargin@length=\skip64
\mdf@linewidth@length=\skip65
\mdf@innerlinewidth@length=\skip66
\mdf@middlelinewidth@length=\skip67
\mdf@outerlinewidth@length=\skip68
\mdf@roundcorner@length=\skip69
\mdf@footenotedistance@length=\skip70
\mdf@userdefinedwidth@length=\skip71
\mdf@needspace@length=\skip72
\mdf@frametitleaboveskip@length=\skip73
\mdf@frametitlebelowskip@length=\skip74
\mdf@frametitlerulewidth@length=\skip75
\mdf@frametitleleftmargin@length=\skip76
\mdf@frametitlerightmargin@length=\skip77
\mdf@shadowsize@length=\skip78
\mdf@extratopheight@length=\skip79
\mdf@subtitleabovelinewidth@length=\skip80
\mdf@subtitlebelowlinewidth@length=\skip81
\mdf@subtitleaboveskip@length=\skip82
\mdf@subtitlebelowskip@length=\skip83
\mdf@subtitleinneraboveskip@length=\skip84
\mdf@subtitleinnerbelowskip@length=\skip85
\mdf@subsubtitleabovelinewidth@length=\skip86
\mdf@subsubtitlebelowlinewidth@length=\skip87
\mdf@subsubtitleaboveskip@length=\skip88
\mdf@subsubtitlebelowskip@length=\skip89
\mdf@subsubtitleinneraboveskip@length=\skip90
\mdf@subsubtitleinnerbelowskip@length=\skip91
(/Users/josecaro/Library/TinyTeX/texmf-dist/tex/latex/mdframed/md-frame-1.mdf
File: md-frame-1.mdf 2013/07/01\ 1.9b: md-frame-1
)
\mdf@frametitlebox=\box65
\mdf@footnotebox=\box66
\mdf@splitbox@one=\box67
\mdf@splitbox@two=\box68
\mdf@splitbox@save=\box69
\mdfsplitboxwidth=\skip92
\mdfsplitboxtotalwidth=\skip93
\mdfsplitboxheight=\skip94
\mdfsplitboxdepth=\skip95
\mdfsplitboxtotalheight=\skip96
\mdfframetitleboxwidth=\skip97
\mdfframetitleboxtotalwidth=\skip98
\mdfframetitleboxheight=\skip99
\mdfframetitleboxdepth=\skip100
\mdfframetitleboxtotalheight=\skip101
\mdffootnoteboxwidth=\skip102
\mdffootnoteboxtotalwidth=\skip103
\mdffootnoteboxheight=\skip104
\mdffootnoteboxdepth=\skip105
\mdffootnoteboxtotalheight=\skip106
\mdftotallinewidth=\skip107
\mdfboundingboxwidth=\skip108
\mdfboundingboxtotalwidth=\skip109
\mdfboundingboxheight=\skip110
\mdfboundingboxdepth=\skip111
\mdfboundingboxtotalheight=\skip112
\mdf@freevspace@length=\skip113
\mdf@horizontalwidthofbox@length=\skip114
\mdf@verticalmarginwhole@length=\skip115
\mdf@horizontalspaceofbox=\skip116
\mdfsubtitleheight=\skip117
\mdfsubsubtitleheight=\skip118
\c@mdfcountframes=\count298

****** mdframed patching \endmdf@trivlist

****** -- success******

\mdf@envdepth=\count299
\c@mdf@env@i=\count300
\c@mdf@env@ii=\count301
\c@mdf@zref@counter=\count302
Package zref Info: New property: mdf@pagevalue on input line 895.
)
Document Class: pinp 
(/Users/josecaro/Library/TinyTeX/texmf-dist/tex/latex/sttools/flushend.sty
Package: flushend 2020/10/16 v3.5 Balancing columns in twocolumn mode
\flushend@@lastskip@a=\skip119
\flushend@@lastskip@b=\skip120
\flushend@@lastskip@c=\skip121
\flushend@@penalty@a=\count303
\var@@loop@iter=\count304
\flushend@@lastkern@a=\dimen277
\var@@temp@spread=\dimen278
\var@@temp@a=\dimen279
\var@@temp@loop=\dimen280
\flushend@@page@rule=\dimen281
\flushend@@varbox@a=\box70
\flushend@@varbox@c=\box71
\flushend@@tempbox@a=\box72
\flushend@@tempbox@c=\box73
\@viper=\box74
\hold@viper=\box75
\atColsBreak=\toks38
\atColsEnd=\toks39
) (/Users/josecaro/Library/TinyTeX/texmf-dist/tex/latex/sttools/cuted.sty
Package: cuted 2012/10/04 v1.5 Mixing onecolumn and twocolumn modes
\At@ViperColsBreak=\toks40
\v@aaa=\box76
\v@ccc=\box77
\lastskip@a=\skip122
\lastskip@b=\skip123
\lastskip@d=\skip124
\lastbox@a=\box78
\stripsep=\skip125
\viper@penalty=\count305
\ht@viper=\dimen282
)
\@parindent=\skip126
(/Users/josecaro/Library/TinyTeX/texmf-dist/tex/latex/hyperref/hyperref.sty
Package: hyperref 2021-02-27 v7.00k Hypertext links for LaTeX

(/Users/josecaro/Library/TinyTeX/texmf-dist/tex/generic/pdfescape/pdfescape.sty
Package: pdfescape 2019/12/09 v1.15 Implements pdfTeX's escape features (HO)
) (/Users/josecaro/Library/TinyTeX/texmf-dist/tex/latex/hycolor/hycolor.sty
Package: hycolor 2020-01-27 v1.10 Color options for hyperref/bookmark (HO)
)
(/Users/josecaro/Library/TinyTeX/texmf-dist/tex/latex/letltxmacro/letltxmacro.s
ty
Package: letltxmacro 2019/12/03 v1.6 Let assignment for LaTeX macros (HO)
)
\@linkdim=\dimen283
\Hy@linkcounter=\count306
\Hy@pagecounter=\count307
(/Users/josecaro/Library/TinyTeX/texmf-dist/tex/latex/hyperref/pd1enc.def
File: pd1enc.def 2021-02-27 v7.00k Hyperref: PDFDocEncoding definition (HO)
Now handling font encoding PD1 ...
... no UTF-8 mapping file for font encoding PD1
)
(/Users/josecaro/Library/TinyTeX/texmf-dist/tex/latex/hyperref/hyperref-langpat
ches.def
File: hyperref-langpatches.def 2021-02-27 v7.00k Hyperref: patches for babel la
nguages
) (/Users/josecaro/Library/TinyTeX/texmf-dist/tex/generic/intcalc/intcalc.sty
Package: intcalc 2019/12/15 v1.3 Expandable calculations with integers (HO)
)
\Hy@SavedSpaceFactor=\count308
(/Users/josecaro/Library/TinyTeX/texmf-dist/tex/latex/hyperref/puenc.def
File: puenc.def 2021-02-27 v7.00k Hyperref: PDF Unicode definition (HO)
Now handling font encoding PU ...
... no UTF-8 mapping file for font encoding PU
)
Package hyperref Info: Option `colorlinks' set `true' on input line 4073.
Package hyperref Info: Hyper figures OFF on input line 4192.
Package hyperref Info: Link nesting OFF on input line 4197.
Package hyperref Info: Hyper index ON on input line 4200.
Package hyperref Info: Plain pages OFF on input line 4207.
Package hyperref Info: Backreferencing OFF on input line 4212.
Package hyperref Info: Implicit mode ON; LaTeX internals redefined.
Package hyperref Info: Bookmarks ON on input line 4445.
\c@Hy@tempcnt=\count309
(/Users/josecaro/Library/TinyTeX/texmf-dist/tex/latex/url/url.sty
\Urlmuskip=\muskip17
Package: url 2013/09/16  ver 3.4  Verb mode for urls, etc.
)
LaTeX Info: Redefining \url on input line 4804.
\XeTeXLinkMargin=\dimen284
(/Users/josecaro/Library/TinyTeX/texmf-dist/tex/generic/bitset/bitset.sty
Package: bitset 2019/12/09 v1.3 Handle bit-vector datatype (HO)

(/Users/josecaro/Library/TinyTeX/texmf-dist/tex/generic/bigintcalc/bigintcalc.s
ty
Package: bigintcalc 2019/12/15 v1.5 Expandable calculations on big integers (HO
)
))
\Fld@menulength=\count310
\Field@Width=\dimen285
\Fld@charsize=\dimen286
Package hyperref Info: Hyper figures OFF on input line 6075.
Package hyperref Info: Link nesting OFF on input line 6080.
Package hyperref Info: Hyper index ON on input line 6083.
Package hyperref Info: backreferencing OFF on input line 6090.
Package hyperref Info: Link coloring ON on input line 6093.
Package hyperref Info: Link coloring with OCG OFF on input line 6100.
Package hyperref Info: PDF/A mode OFF on input line 6105.
LaTeX Info: Redefining \ref on input line 6145.
LaTeX Info: Redefining \pageref on input line 6149.
\Hy@abspage=\count311
\c@Item=\count312
\c@Hfootnote=\count313
)
Package hyperref Info: Driver (autodetected): hpdftex.
(/Users/josecaro/Library/TinyTeX/texmf-dist/tex/latex/hyperref/hpdftex.def
File: hpdftex.def 2021-02-27 v7.00k Hyperref driver for pdfTeX
(/Users/josecaro/Library/TinyTeX/texmf-dist/tex/latex/base/atveryend-ltx.sty
Package: atveryend-ltx 2020/08/19 v1.0a Emulation of the original atvery packag
e
with kernel methods
)
\HyAnn@Count=\count314
\Fld@listcount=\count315
\c@bookmark@seq@number=\count316

(/Users/josecaro/Library/TinyTeX/texmf-dist/tex/latex/rerunfilecheck/rerunfilec
heck.sty
Package: rerunfilecheck 2019/12/05 v1.9 Rerun checks for auxiliary files (HO)

(/Users/josecaro/Library/TinyTeX/texmf-dist/tex/generic/uniquecounter/uniquecou
nter.sty
Package: uniquecounter 2019/12/15 v1.4 Provide unlimited unique counter (HO)
)
Package uniquecounter Info: New unique counter `rerunfilecheck' on input line 2
86.
)
\Hy@SectionHShift=\skip127
) (/Users/josecaro/Library/TinyTeX/texmf-dist/tex/latex/preprint/authblk.sty
Package: authblk 2001/02/27 1.3 (PWD)
\affilsep=\skip128
\@affilsep=\skip129
\c@Maxaffil=\count317
\c@authors=\count318
\c@affil=\count319
) (/Users/josecaro/Library/TinyTeX/texmf-dist/tex/latex/xifthen/xifthen.sty
Package: xifthen 2015/11/05 v1.4.0 Extended ifthen features
(/Users/josecaro/Library/TinyTeX/texmf-dist/tex/latex/tools/calc.sty
Package: calc 2017/05/25 v4.3 Infix arithmetic (KKT,FJ)
\calc@Acount=\count320
\calc@Bcount=\count321
\calc@Adimen=\dimen287
\calc@Bdimen=\dimen288
\calc@Askip=\skip130
\calc@Bskip=\skip131
LaTeX Info: Redefining \setlength on input line 80.
LaTeX Info: Redefining \addtolength on input line 81.
\calc@Ccount=\count322
\calc@Cskip=\skip132
) (/Users/josecaro/Library/TinyTeX/texmf-dist/tex/latex/base/ifthen.sty
Package: ifthen 2014/09/29 v1.1c Standard LaTeX ifthen package (DPC)
) (/Users/josecaro/Library/TinyTeX/texmf-dist/tex/latex/ifmtarg/ifmtarg.sty
Package: ifmtarg 2018/04/16 v1.2b check for an empty argument
)) (/Users/josecaro/Library/TinyTeX/texmf-dist/tex/latex/base/textcomp.sty
Package: textcomp 2020/02/02 v2.0n Standard LaTeX package
) (/Users/josecaro/Library/TinyTeX/texmf-dist/tex/latex/colortbl/colortbl.sty
Package: colortbl 2020/01/04 v1.0e Color table columns (DPC)
(/Users/josecaro/Library/TinyTeX/texmf-dist/tex/latex/tools/array.sty
Package: array 2020/10/01 v2.5c Tabular extension package (FMi)
\col@sep=\dimen289
\ar@mcellbox=\box79
\extrarowheight=\dimen290
\NC@list=\toks41
\extratabsurround=\skip133
\backup@length=\skip134
\ar@cellbox=\box80
)
\everycr=\toks42
\minrowclearance=\skip135
) (/Users/josecaro/Library/TinyTeX/texmf-dist/tex/latex/booktabs/booktabs.sty
Package: booktabs 2020/01/12 v1.61803398 Publication quality tables
\heavyrulewidth=\dimen291
\lightrulewidth=\dimen292
\cmidrulewidth=\dimen293
\belowrulesep=\dimen294
\belowbottomsep=\dimen295
\aboverulesep=\dimen296
\abovetopsep=\dimen297
\cmidrulesep=\dimen298
\cmidrulekern=\dimen299
\defaultaddspace=\dimen300
\@cmidla=\count323
\@cmidlb=\count324
\@aboverulesep=\dimen301
\@belowrulesep=\dimen302
\@thisruleclass=\count325
\@lastruleclass=\count326
\@thisrulewidth=\dimen303
) (/Users/josecaro/Library/TinyTeX/texmf-dist/tex/latex/algorithms/algorithm.st
y
Package: algorithm 2009/08/24 v0.1 Document Style `algorithm' - floating enviro
nment
(/Users/josecaro/Library/TinyTeX/texmf-dist/tex/latex/float/float.sty
Package: float 2001/11/08 v1.3d Float enhancements (AL)
\c@float@type=\count327
\float@exts=\toks43
\float@box=\box81
\@float@everytoks=\toks44
\@floatcapt=\box82
)
\@float@every@algorithm=\toks45
\c@algorithm=\count328
)
(/Users/josecaro/Library/TinyTeX/texmf-dist/tex/latex/algorithmicx/algpseudocod
e.sty
Package: algpseudocode 

(/Users/josecaro/Library/TinyTeX/texmf-dist/tex/latex/algorithmicx/algorithmicx
.sty
Package: algorithmicx 2005/04/27 v1.2 Algorithmicx
Document Style algorithmicx 1.2 - a greatly improved `algorithmic' style
\c@ALG@line=\count329
\c@ALG@rem=\count330
\c@ALG@nested=\count331
\ALG@tlm=\skip136
\ALG@thistlm=\skip137
\c@ALG@Lnr=\count332
\c@ALG@blocknr=\count333
\c@ALG@storecount=\count334
\c@ALG@tmpcounter=\count335
\ALG@tmplength=\skip138
)
Document Style - pseudocode environments for use with the `algorithmicx' style
)
(/Users/josecaro/Library/TinyTeX/texmf-dist/tex/latex/changepage/changepage.sty
Package: changepage 2009/10/20 v1.0c check page and change page layout
\c@cp@cntr=\count336
\cp@tempcnt=\count337
) (/Users/josecaro/Library/TinyTeX/texmf-dist/tex/latex/geometry/geometry.sty
Package: geometry 2020/01/02 v5.9 Page Geometry
(/Users/josecaro/Library/TinyTeX/texmf-dist/tex/generic/iftex/ifvtex.sty
Package: ifvtex 2019/10/25 v1.7 ifvtex legacy package. Use iftex instead.
)
\Gm@cnth=\count338
\Gm@cntv=\count339
\c@Gm@tempcnt=\count340
\Gm@bindingoffset=\dimen304
\Gm@wd@mp=\dimen305
\Gm@odd@mp=\dimen306
\Gm@even@mp=\dimen307
\Gm@layoutwidth=\dimen308
\Gm@layoutheight=\dimen309
\Gm@layouthoffset=\dimen310
\Gm@layoutvoffset=\dimen311
\Gm@dimlist=\toks46
) (/Users/josecaro/Library/TinyTeX/texmf-dist/tex/latex/caption/caption.sty
Package: caption 2020/10/26 v3.5g Customizing captions (AR)
(/Users/josecaro/Library/TinyTeX/texmf-dist/tex/latex/caption/caption3.sty
Package: caption3 2020/10/21 v2.2e caption3 kernel (AR)
\captionmargin=\dimen312
\captionmargin@=\dimen313
\captionwidth=\dimen314
\caption@tempdima=\dimen315
\caption@indent=\dimen316
\caption@parindent=\dimen317
\caption@hangindent=\dimen318
Package caption Info: Standard document class detected.
)
Package caption Info: Option `figurename' requires the `newfloat' package on in
put line 187.
(/Users/josecaro/Library/TinyTeX/texmf-dist/tex/latex/newfloat/newfloat.sty
Package: newfloat 2019/09/02 v1.1l Defining new floating environments (AR)
)
\c@caption@flags=\count341
\c@continuedfloat=\count342
Package caption Info: changepage package is loaded.
\caption@adjustwidth@hsize=\dimen319
\caption@adjustwidth@linewidth=\dimen320
Package caption Info: float package is loaded.
Package caption Info: hyperref package is loaded.
) (/Users/josecaro/Library/TinyTeX/texmf-dist/tex/latex/natbib/natbib.sty
Package: natbib 2010/09/13 8.31b (PWD, AO)
\bibhang=\skip139
\bibsep=\skip140
LaTeX Info: Redefining \cite on input line 694.
\c@NAT@ctr=\count343
) (/Users/josecaro/Library/TinyTeX/texmf-dist/tex/latex/fancyhdr/fancyhdr.sty
Package: fancyhdr 2021/01/28 v4.0.1 Extensive control of page headers and foote
rs
\f@nch@headwidth=\skip141
\f@nch@O@elh=\skip142
\f@nch@O@erh=\skip143
\f@nch@O@olh=\skip144
\f@nch@O@orh=\skip145
\f@nch@O@elf=\skip146
\f@nch@O@erf=\skip147
\f@nch@O@olf=\skip148
\f@nch@O@orf=\skip149
) (/Users/josecaro/Library/TinyTeX/texmf-dist/tex/latex/lastpage/lastpage.sty
Package: lastpage 2015/03/29 v1.2m Refers to last page's name (HMM; JPG)
) (/Users/josecaro/Library/TinyTeX/texmf-dist/tex/latex/titlesec/titlesec.sty
Package: titlesec 2019/10/16 v2.13 Sectioning titles
\ttl@box=\box83
\beforetitleunit=\skip150
\aftertitleunit=\skip151
\ttl@plus=\dimen321
\ttl@minus=\dimen322
\ttl@toksa=\toks47
\titlewidth=\dimen323
\titlewidthlast=\dimen324
\titlewidthfirst=\dimen325
)
\c@ttlp@side=\count344
\ttlp@side=\count345
\pnas@vertadjust=\skip152
(/Users/josecaro/Library/TinyTeX/texmf-dist/tex/latex/lineno/lineno.sty
Package: lineno 2005/11/02 line numbers on paragraphs v4.41
\linenopenalty=\count346
\output=\toks48
\linenoprevgraf=\count347
\linenumbersep=\dimen326
\linenumberwidth=\dimen327
\c@linenumber=\count348
\c@pagewiselinenumber=\count349
\c@LN@truepage=\count350
\c@internallinenumber=\count351
\c@internallinenumbers=\count352
\quotelinenumbersep=\dimen328
\bframerule=\dimen329
\bframesep=\dimen330
\bframebox=\box84
LaTeX Info: Redefining \\ on input line 3056.
) (/Users/josecaro/Library/TinyTeX/texmf-dist/tex/latex/footmisc/footmisc.sty
Package: footmisc 2011/06/06 v5.5b a miscellany of footnote facilities
\FN@temptoken=\toks49
\footnotemargin=\dimen331
\c@pp@next@reset=\count353
Package footmisc Info: Declaring symbol style bringhurst on input line 855.
Package footmisc Info: Declaring symbol style chicago on input line 863.
Package footmisc Info: Declaring symbol style wiley on input line 872.
Package footmisc Info: Declaring symbol style lamport-robust on input line 883.

Package footmisc Info: Declaring symbol style lamport* on input line 903.
Package footmisc Info: Declaring symbol style lamport*-robust on input line 924
.
)
\c@acknow@section=\count354
\c@matmethods@section=\count355
(/Users/josecaro/Library/TinyTeX/texmf-dist/tex/latex/enumitem/enumitem.sty
Package: enumitem 2019/06/20 v3.9 Customized lists
\labelindent=\skip153
\enit@outerparindent=\dimen332
\enit@toks=\toks50
\enit@inbox=\box85
\enit@count@id=\count356
\enitdp@description=\count357
) (/Users/josecaro/Library/TinyTeX/texmf-dist/tex/latex/fancyvrb/fancyvrb.sty
Package: fancyvrb 2021/01/20 v3.7 verbatim text (tvz,hv)
\FV@CodeLineNo=\count358
\FV@InFile=\read4
\FV@TabBox=\box86
\c@FancyVerbLine=\count359
\FV@StepNumber=\count360
\FV@OutFile=\write4
)
Document Class: pinp 
\@float@every@sigstatement=\toks51
\c@sigstatement=\count361

(/Users/josecaro/Library/TinyTeX/texmf-dist/tex/latex/mathdesign/mathdesign.sty
Package: mathdesign 2013/08/29 v2.31 Math Design Project

(/Users/josecaro/Library/TinyTeX/texmf-dist/tex/latex/mathdesign/mdbch/mdbch.cf
g)
(/Users/josecaro/Library/TinyTeX/texmf-dist/tex/latex/mathdesign/mdbch/mdbch.st
y
Package: mdbch 2013/08/29 v2.31 bitstream bitstream charter + mdbch (Math Desig
n Project)
(/Users/josecaro/Library/TinyTeX/texmf-dist/tex/latex/mathdesign/mdfont.def
File: mdfont.def 2013/08/29 v2.31 (Math Design Project)
) (/Users/josecaro/Library/TinyTeX/texmf-dist/tex/latex/mathdesign/mdsffont.def
File: mdsffont.def 2013/08/29 v2.31 (Math Design Project)

LaTeX Warning: Font shape declaration has incorrect series value `mc'.
               It should not contain an `m'! Please correct it.
               Found on input line 53.


LaTeX Warning: Font shape declaration has incorrect series value `mc'.
               It should not contain an `m'! Please correct it.
               Found on input line 56.


LaTeX Warning: Font shape declaration has incorrect series value `mc'.
               It should not contain an `m'! Please correct it.
               Found on input line 59.


LaTeX Warning: Font shape declaration has incorrect series value `mc'.
               It should not contain an `m'! Please correct it.
               Found on input line 79.


LaTeX Warning: Font shape declaration has incorrect series value `mc'.
               It should not contain an `m'! Please correct it.
               Found on input line 102.


LaTeX Warning: Font shape declaration has incorrect series value `mc'.
               It should not contain an `m'! Please correct it.
               Found on input line 105.


LaTeX Warning: Font shape declaration has incorrect series value `mc'.
               It should not contain an `m'! Please correct it.
               Found on input line 108.


LaTeX Warning: Font shape declaration has incorrect series value `mc'.
               It should not contain an `m'! Please correct it.
               Found on input line 128.


LaTeX Warning: Font shape declaration has incorrect series value `mc'.
               It should not contain an `m'! Please correct it.
               Found on input line 259.


LaTeX Warning: Font shape declaration has incorrect series value `mc'.
               It should not contain an `m'! Please correct it.
               Found on input line 262.


LaTeX Warning: Font shape declaration has incorrect series value `mc'.
               It should not contain an `m'! Please correct it.
               Found on input line 265.


LaTeX Warning: Font shape declaration has incorrect series value `mc'.
               It should not contain an `m'! Please correct it.
               Found on input line 268.


LaTeX Warning: Font shape declaration has incorrect series value `mc'.
               It should not contain an `m'! Please correct it.
               Found on input line 313.


LaTeX Warning: Font shape declaration has incorrect series value `mc'.
               It should not contain an `m'! Please correct it.
               Found on input line 316.


LaTeX Warning: Font shape declaration has incorrect series value `mc'.
               It should not contain an `m'! Please correct it.
               Found on input line 319.


LaTeX Warning: Font shape declaration has incorrect series value `mc'.
               It should not contain an `m'! Please correct it.
               Found on input line 322.

) (/Users/josecaro/Library/TinyTeX/texmf-dist/tex/latex/mathdesign/mdttfont.def
File: mdttfont.def 2013/08/29 v2.31 (Math Design Project)
)
\symmdcal=\mathgroup6
LaTeX Font Info:    Overwriting symbol font `mdcal' in version `bold'
(Font)                  OMS/mdbch/m/n --> OMS/mdbch/b/n on input line 97.
\symmdscr=\mathgroup7
LaTeX Font Info:    Overwriting symbol font `mdscr' in version `bold'
(Font)                  OMS/mdbch/m/n --> OMS/mdbch/b/n on input line 103.
LaTeX Font Info:    Redeclaring math alphabet \mathfrak on input line 109.
LaTeX Font Info:    Overwriting math alphabet `\mathfrak' in version `normal'
(Font)                  U/euf/m/n --> U/xmdeuf/m/n on input line 109.
LaTeX Font Info:    Overwriting math alphabet `\mathfrak' in version `bold'
(Font)                  U/euf/b/n --> U/xmdeuf/m/n on input line 109.
LaTeX Font Info:    Overwriting math alphabet `\mathfrak' in version `bold'
(Font)                  U/xmdeuf/m/n --> U/xmdeuf/b/n on input line 110.
LaTeX Info: Redefining \frak on input line 111.
LaTeX Font Info:    Overwriting symbol font `operators' in version `normal'
(Font)                  OT1/lmr/m/n --> OT1/mdbch/m/n on input line 121.
LaTeX Font Info:    Overwriting symbol font `letters' in version `normal'
(Font)                  OML/lmm/m/it --> OML/mdbch/m/it on input line 122.
LaTeX Font Info:    Overwriting symbol font `symbols' in version `normal'
(Font)                  OMS/lmsy/m/n --> OMS/mdbch/m/n on input line 123.
LaTeX Font Info:    Overwriting symbol font `largesymbols' in version `normal'
(Font)                  OMX/lmex/m/n --> OMX/mdbch/m/n on input line 124.
LaTeX Font Info:    Overwriting symbol font `operators' in version `bold'
(Font)                  OT1/lmr/bx/n --> OT1/mdbch/b/n on input line 126.
LaTeX Font Info:    Overwriting symbol font `letters' in version `bold'
(Font)                  OML/lmm/b/it --> OML/mdbch/b/it on input line 127.
LaTeX Font Info:    Overwriting symbol font `symbols' in version `bold'
(Font)                  OMS/lmsy/b/n --> OMS/mdbch/b/n on input line 128.
LaTeX Font Info:    Overwriting symbol font `largesymbols' in version `bold'
(Font)                  OMX/lmex/m/n --> OMX/mdbch/b/n on input line 129.
LaTeX Font Info:    Overwriting math alphabet `\mathrm' in version `normal'
(Font)                  OT1/mdbch/m/n --> T1/mdbch/m/n on input line 131.
LaTeX Font Info:    Overwriting math alphabet `\mathbf' in version `normal'
(Font)                  OT1/lmr/bx/n --> T1/mdbch/b/n on input line 132.
LaTeX Font Info:    Overwriting math alphabet `\mathit' in version `normal'
(Font)                  OT1/lmr/m/it --> T1/mdbch/m/it on input line 133.
LaTeX Font Info:    Overwriting math alphabet `\mathsf' in version `normal'
(Font)                  OT1/lmss/m/n --> T1/phv/m/n on input line 134.
LaTeX Font Info:    Overwriting math alphabet `\mathtt' in version `normal'
(Font)                  OT1/lmtt/m/n --> T1/lmtt/m/n on input line 135.
LaTeX Font Info:    Overwriting math alphabet `\mathrm' in version `bold'
(Font)                  OT1/mdbch/b/n --> T1/mdbch/b/n on input line 137.
LaTeX Font Info:    Overwriting math alphabet `\mathbf' in version `bold'
(Font)                  OT1/lmr/bx/n --> T1/mdbch/b/n on input line 138.
LaTeX Font Info:    Overwriting math alphabet `\mathit' in version `bold'
(Font)                  OT1/lmr/bx/it --> T1/mdbch/b/it on input line 139.
LaTeX Font Info:    Overwriting math alphabet `\mathsf' in version `bold'
(Font)                  OT1/lmss/bx/n --> T1/phv/b/n on input line 140.
LaTeX Font Info:    Overwriting math alphabet `\mathtt' in version `bold'
(Font)                  OT1/lmtt/m/n --> T1/lmtt/b/n on input line 141.
\symlettersupright=\mathgroup8
LaTeX Font Info:    Overwriting symbol font `lettersupright' in version `bold'
(Font)                  OML/mdbch/m/n --> OML/mdbch/b/n on input line 144.
LaTeX Font Info:    Redeclaring math alphabet \mathrm on input line 145.
LaTeX Font Info:    Overwriting math alphabet `\mathcal' in version `normal'
(Font)                  OMS/mdbch/m/n --> OMS/mdbch/m/n on input line 167.
(/Users/josecaro/Library/TinyTeX/texmf-dist/tex/latex/xkeyval/xkeyval.sty
Package: xkeyval 2020/11/20 v2.8 package option processing (HA)
(/Users/josecaro/Library/TinyTeX/texmf-dist/tex/generic/xkeyval/xkeyval.tex (/U
sers/josecaro/Library/TinyTeX/texmf-dist/tex/generic/xkeyval/xkvutils.tex
\XKV@toks=\toks52
\XKV@tempa@toks=\toks53
)
\XKV@depth=\count362
File: xkeyval.tex 2014/12/03 v2.7a key=value parser (HA)
))
LaTeX Font Info:    Trying to load font information for T1+mdbch on input line 
186.

(/Users/josecaro/Library/TinyTeX/texmf-dist/tex/latex/mathdesign/mdbch/t1mdbch.
fd
File: t1mdbch.fd 2013/08/29 Fontinst v1.933 font definitions for T1/mdbch.
)
LaTeX Font Info:    Font shape `T1/mdbch/m/n' will be
(Font)              scaled to size 8.64006pt on input line 186.
LaTeX Font Info:    Redeclaring math accent \widetilde on input line 449.
LaTeX Font Info:    Redeclaring math accent \widehat on input line 450.
Now handling font encoding MDA ...
... no UTF-8 mapping file for font encoding MDA
\symmathdesignA=\mathgroup9
LaTeX Font Info:    Overwriting symbol font `mathdesignA' in version `bold'
(Font)                  MDA/mdbch/m/n --> MDA/mdbch/b/n on input line 491.
LaTeX Font Info:    Overwriting encoding scheme math defaults on input line 493
.
Now handling font encoding MDB ...
... no UTF-8 mapping file for font encoding MDB
\symmathdesignB=\mathgroup10
LaTeX Font Info:    Overwriting symbol font `mathdesignB' in version `bold'
(Font)                  MDB/mdbch/m/n --> MDB/mdbch/b/n on input line 498.
LaTeX Info: Redefining \bold on input line 510.
LaTeX Font Info:    Redeclaring math accent \widetilde on input line 532.
LaTeX Font Info:    Redeclaring math accent \widehat on input line 533.
\rulethickness=\skip154
) (/Users/josecaro/Library/TinyTeX/texmf-dist/tex/latex/base/fontenc.sty
Package: fontenc 2020/08/10 v2.0s Standard LaTeX package
)) (/Users/josecaro/Library/TinyTeX/texmf-dist/tex/latex/upquote/upquote.sty
Package: upquote 2012/04/19 v1.3 upright-quote and grave-accent glyphs in verba
tim
)) (/Users/josecaro/Library/TinyTeX/texmf-dist/tex/latex/microtype/microtype.st
y
Package: microtype 2021/03/14 v2.8c Micro-typographical refinements (RS)
\MT@toks=\toks54
\MT@count=\count363
LaTeX Info: Redefining \textls on input line 790.
\MT@outer@kern=\dimen333
LaTeX Info: Redefining \textmicrotypecontext on input line 1374.
\MT@listname@count=\count364

(/Users/josecaro/Library/TinyTeX/texmf-dist/tex/latex/microtype/microtype-pdfte
x.def
File: microtype-pdftex.def 2021/03/14 v2.8c Definitions specific to pdftex (RS)

LaTeX Info: Redefining \lsstyle on input line 915.
LaTeX Info: Redefining \lslig on input line 915.
\MT@outer@space=\skip155
)
Package microtype Info: Loading configuration file microtype.cfg.
(/Users/josecaro/Library/TinyTeX/texmf-dist/tex/latex/microtype/microtype.cfg
File: microtype.cfg 2021/03/14 v2.8c microtype main configuration file (RS)
)) (/Users/josecaro/Library/TinyTeX/texmf-dist/tex/latex/base/fontenc.sty
Package: fontenc 2020/08/10 v2.0s Standard LaTeX package
) (/Users/josecaro/Library/TinyTeX/texmf-dist/tex/latex/tools/longtable.sty
Package: longtable 2020/01/07 v4.13 Multi-page Table package (DPC)
\LTleft=\skip156
\LTright=\skip157
\LTpre=\skip158
\LTpost=\skip159
\LTchunksize=\count365
\LTcapwidth=\dimen334
\LT@head=\box87
\LT@firsthead=\box88
\LT@foot=\box89
\LT@lastfoot=\box90
\LT@cols=\count366
\LT@rows=\count367
\c@LT@tables=\count368
\c@LT@chunks=\count369
\LT@p@ftn=\toks55
) (/Users/josecaro/Library/TinyTeX/texmf-dist/tex/latex/multirow/multirow.sty
Package: multirow 2021/03/15 v2.8 Span multiple rows of a table
\multirow@colwidth=\skip160
\multirow@cntb=\count370
\multirow@dima=\skip161
\bigstrutjot=\dimen335
) (/Users/josecaro/Library/TinyTeX/texmf-dist/tex/latex/wrapfig/wrapfig.sty
\wrapoverhang=\dimen336
\WF@size=\dimen337
\c@WF@wrappedlines=\count371
\WF@box=\box91
\WF@everypar=\toks56
Package: wrapfig 2003/01/31  v 3.6
) (/Users/josecaro/Library/TinyTeX/texmf-dist/tex/latex/pdflscape/pdflscape.sty
Package: pdflscape 2019/12/05 v0.12 Display of landscape pages in PDF (HO)
(/Users/josecaro/Library/TinyTeX/texmf-dist/tex/latex/graphics/lscape.sty
Package: lscape 2020/05/28 v3.02 Landscape Pages (DPC)
)
Package pdflscape Info: Auto-detected driver: pdftex on input line 81.
) (/Users/josecaro/Library/TinyTeX/texmf-dist/tex/latex/tabu/tabu.sty
Package: tabu 2019/01/11 v2.9 - flexible LaTeX tabulars (FC+tabu-fixed)
(/Users/josecaro/Library/TinyTeX/texmf-dist/tex/latex/varwidth/varwidth.sty
Package: varwidth 2009/03/30 ver 0.92;  Variable-width minipages
\@vwid@box=\box92
\sift@deathcycles=\count372
\@vwid@loff=\dimen338
\@vwid@roff=\dimen339
)
\c@taburow=\count373
\tabu@nbcols=\count374
\tabu@cnt=\count375
\tabu@Xcol=\count376
\tabu@alloc=\count377
\tabu@nested=\count378
\tabu@target=\dimen340
\tabu@spreadtarget=\dimen341
\tabu@naturalX=\dimen342
\tabucolX=\dimen343
\tabu@Xsum=\dimen344
\extrarowdepth=\dimen345
\abovetabulinesep=\dimen346
\belowtabulinesep=\dimen347
\tabustrutrule=\dimen348
\tabu@thebody=\toks57
\tabu@footnotes=\toks58
\tabu@box=\box93
\tabu@arstrutbox=\box94
\tabu@hleads=\box95
\tabu@vleads=\box96
\tabu@cellskip=\skip162
)
(/Users/josecaro/Library/TinyTeX/texmf-dist/tex/latex/threeparttable/threepartt
able.sty
Package: threeparttable 2003/06/13  v 3.0
\@tempboxb=\box97
)
(/Users/josecaro/Library/TinyTeX/texmf-dist/tex/latex/threeparttablex/threepart
tablex.sty
Package: threeparttablex 2013/07/23 v0.3 by daleif
(/Users/josecaro/Library/TinyTeX/texmf-dist/tex/latex/environ/environ.sty
Package: environ 2014/05/04 v0.3 A new way to define environments

(/Users/josecaro/Library/TinyTeX/texmf-dist/tex/latex/trimspaces/trimspaces.sty
Package: trimspaces 2009/09/17 v1.1 Trim spaces around a token list
))
\TPTL@width=\skip163
) (/Users/josecaro/Library/TinyTeX/texmf-dist/tex/generic/ulem/ulem.sty
\UL@box=\box98
\UL@hyphenbox=\box99
\UL@skip=\skip164
\UL@hook=\toks59
\UL@height=\dimen349
\UL@pe=\count379
\UL@pixel=\dimen350
\ULC@box=\box100
Package: ulem 2019/11/18
\ULdepth=\dimen351
) (/Users/josecaro/Library/TinyTeX/texmf-dist/tex/latex/makecell/makecell.sty
Package: makecell 2009/08/03 V0.1e Managing of Tab Column Heads and Cells
\rotheadsize=\dimen352
\c@nlinenum=\count380
\TeXr@lab=\toks60
) (./introR.aux
LaTeX Info: Redefining \. on input line 27.
LaTeX Info: Redefining \% on input line 27.
)
\openout1 = `introR.aux'.

LaTeX Font Info:    Checking defaults for OML/cmm/m/it on input line 69.
LaTeX Font Info:    ... okay on input line 69.
LaTeX Font Info:    Checking defaults for OMS/cmsy/m/n on input line 69.
LaTeX Font Info:    ... okay on input line 69.
LaTeX Font Info:    Checking defaults for OT1/cmr/m/n on input line 69.
LaTeX Font Info:    ... okay on input line 69.
LaTeX Font Info:    Checking defaults for T1/cmr/m/n on input line 69.
LaTeX Font Info:    ... okay on input line 69.
LaTeX Font Info:    Checking defaults for TS1/cmr/m/n on input line 69.
LaTeX Font Info:    ... okay on input line 69.
LaTeX Font Info:    Checking defaults for OMX/cmex/m/n on input line 69.
LaTeX Font Info:    ... okay on input line 69.
LaTeX Font Info:    Checking defaults for U/cmr/m/n on input line 69.
LaTeX Font Info:    ... okay on input line 69.
LaTeX Font Info:    Checking defaults for PD1/pdf/m/n on input line 69.
LaTeX Font Info:    ... okay on input line 69.
LaTeX Font Info:    Checking defaults for PU/pdf/m/n on input line 69.
LaTeX Font Info:    ... okay on input line 69.
LaTeX Font Info:    Checking defaults for MDA/cmr/m/n on input line 69.
LaTeX Font Info:    Trying to load font information for MDA+cmr on input line 6
9.
(/Users/josecaro/Library/TinyTeX/texmf-dist/tex/latex/mathdesign/mdacmr.fd
File: mdacmr.fd 
)
LaTeX Font Info:    ... okay on input line 69.
LaTeX Font Info:    Checking defaults for MDB/cmr/m/n on input line 69.
LaTeX Font Info:    Trying to load font information for MDB+cmr on input line 6
9.
(/Users/josecaro/Library/TinyTeX/texmf-dist/tex/latex/mathdesign/mdbcmr.fd
File: mdbcmr.fd 
)
LaTeX Font Info:    ... okay on input line 69.
LaTeX Info: Redefining \. on input line 69.
LaTeX Info: Redefining \% on input line 69.

(/Users/josecaro/Library/TinyTeX/texmf-dist/tex/latex/epstopdf-pkg/epstopdf-bas
e.sty
Package: epstopdf-base 2020-01-24 v2.11 Base part for package epstopdf
Package epstopdf-base Info: Redefining graphics rule for `.eps' on input line 4
85.

(/Users/josecaro/Library/TinyTeX/texmf-dist/tex/latex/latexconfig/epstopdf-sys.
cfg
File: epstopdf-sys.cfg 2010/07/13 v1.3 Configuration of (r)epstopdf for TeX Liv
e
))
Package hyperref Info: Link coloring ON on input line 69.
(/Users/josecaro/Library/TinyTeX/texmf-dist/tex/latex/hyperref/nameref.sty
Package: nameref 2021-04-02 v2.47 Cross-referencing by name of section
(/Users/josecaro/Library/TinyTeX/texmf-dist/tex/latex/refcount/refcount.sty
Package: refcount 2019/12/15 v3.6 Data extraction from label references (HO)
)
(/Users/josecaro/Library/TinyTeX/texmf-dist/tex/generic/gettitlestring/gettitle
string.sty
Package: gettitlestring 2019/12/15 v1.6 Cleanup title references (HO)
)
\c@section@level=\count381
)
LaTeX Info: Redefining \ref on input line 69.
LaTeX Info: Redefining \pageref on input line 69.
LaTeX Info: Redefining \nameref on input line 69.
(./introR.out) (./introR.out)
\@outlinefile=\write5
\openout5 = `introR.out'.


(/Users/josecaro/Library/TinyTeX/texmf-dist/tex/latex/draftwatermark/draftwater
mark.sty
Package: draftwatermark 2020/12/08 3.0 Put a gray textual watermark on document
 pages
)
*geometry* driver: auto-detecting
*geometry* detected driver: pdftex
*geometry* verbose mode - [ preamble ] result:
* driver: pdftex
* paper: letterpaper
* layout: <custom>
* layout(width,height): (587.1965pt,785.94505pt)
* layoutoffset:(h,v)=(13.55392pt,4.51245pt)
* modes: includehead includefoot twoside 
* h-part:(L,W,R)=(38.5pt, 505.6965pt, 43.0pt)
* v-part:(T,H,B)=(43.0pt, 710.94505pt, 32.0pt)
* \paperwidth=614.295pt
* \paperheight=794.96999pt
* \textwidth=505.6965pt
* \textheight=675.94505pt
* \oddsidemargin=-20.21606pt
* \evensidemargin=-15.71606pt
* \topmargin=-24.75754pt
* \headheight=0.0pt
* \headsep=10.0pt
* \topskip=9.0pt
* \footskip=25.0pt
* \marginparwidth=38.0pt
* \marginparsep=10.0pt
* \columnsep=13.5pt
* \skip\footins=8.0pt plus 4.0pt minus 2.0pt
* \hoffset=0.0pt
* \voffset=0.0pt
* \mag=1000
* \@twocolumntrue
* \@twosidetrue
* \@mparswitchtrue
* \@reversemarginfalse
* (1in=72.27pt=25.4mm, 1cm=28.453pt)

Package caption Info: Begin \AtBeginDocument code.
Package caption Info: longtable package is loaded.
(/Users/josecaro/Library/TinyTeX/texmf-dist/tex/latex/caption/ltcaption.sty
Package: ltcaption 2020/05/30 v1.4b longtable captions (AR)
)
Package caption Info: threeparttable package is loaded.
Package caption Info: wrapfig package is loaded.
Package caption Info: End \AtBeginDocument code.
Package newfloat Info: `float' package detected.
Package newfloat Info: `wrapfig' package detected.
Package lastpage Info: Please have a look at the pageslts package at
(lastpage)             https://www.ctan.org/pkg/pageslts
(lastpage)             ! on input line 69.

Package mathdesign/mdbch Warning: Package 'amssymb' shouldn't be used in conjon
ction with package mdbch, on input line 69.


Package mathdesign/mdbch Warning: Package 'amsfonts' shouldn't be used in conjo
nction with package mdbch, on input line 69.

LaTeX Info: Redefining \microtypecontext on input line 69.
Package microtype Info: Generating PDF output.
Package microtype Info: Character protrusion enabled (level 2).
Package microtype Info: Using default protrusion set `alltext'.
Package microtype Info: Automatic font expansion enabled (level 2),
(microtype)             stretch: 20, shrink: 20, step: 1, non-selected.
Package microtype Info: Using default expansion set `alltext-nott'.
LaTeX Info: Redefining \showhyphens on input line 69.
Package microtype Info: No adjustment of tracking.
Package microtype Info: No adjustment of interword spacing.
Package microtype Info: No adjustment of character kerning.
(/Users/josecaro/Library/TinyTeX/texmf-dist/tex/latex/microtype/mt-bch.cfg
File: mt-bch.cfg 2007/03/03 v1.5 microtype config. file: Bitstream Charter (RS)

)
LaTeX Font Info:    Trying to load font information for T1+lmss on input line 7
5.
(/Users/josecaro/Library/TinyTeX/texmf-dist/tex/latex/lm/t1lmss.fd
File: t1lmss.fd 2009/10/30 v1.6 Font defs for Latin Modern
)
LaTeX Font Info:    Font shape `T1/lmss/b/n' in size <9> not available
(Font)              Font shape `T1/lmss/bx/n' tried instead on input line 75.
Package microtype Info: Loading generic protrusion settings for font family
(microtype)             `lmss' (encoding: T1).
(microtype)             For optimal results, create family-specific settings.
(microtype)             See the microtype manual for details.
LaTeX Font Info:    Font shape `T1/lmss/b/n' in size <22> not available
(Font)              Font shape `T1/lmss/bx/n' tried instead on input line 75.
LaTeX Font Info:    Font shape `T1/phv/m/n' will be
(Font)              scaled to size 7.94696pt on input line 75.
Package microtype Info: Loading generic protrusion settings for font family
(microtype)             `phv' (encoding: T1).
(microtype)             For optimal results, create family-specific settings.
(microtype)             See the microtype manual for details.
LaTeX Font Info:    Font shape `T1/phv/b/n' will be
(Font)              scaled to size 7.94696pt on input line 75.
LaTeX Font Info:    Font shape `T1/phv/m/n' will be
(Font)              scaled to size 6.18097pt on input line 75.
LaTeX Font Info:    Font shape `T1/phv/b/n' will be
(Font)              scaled to size 7.06396pt on input line 77.
LaTeX Font Info:    Trying to load font information for OT1+mdbch on input line
 77.

(/Users/josecaro/Library/TinyTeX/texmf-dist/tex/latex/mathdesign/mdbch/ot1mdbch
.fd
File: ot1mdbch.fd 2013/08/29 Fontinst v1.933 font definitions for OT1/mdbch.
)
LaTeX Font Info:    Font shape `OT1/mdbch/m/n' will be
(Font)              scaled to size 8.64006pt on input line 77.
LaTeX Font Info:    Font shape `OT1/mdbch/m/n' will be
(Font)              scaled to size 5.76004pt on input line 77.
LaTeX Font Info:    Font shape `OT1/mdbch/m/n' will be
(Font)              scaled to size 4.80003pt on input line 77.
LaTeX Font Info:    Trying to load font information for OML+mdbch on input line
 77.

(/Users/josecaro/Library/TinyTeX/texmf-dist/tex/latex/mathdesign/mdbch/omlmdbch
.fd
File: omlmdbch.fd 2013/08/29 Fontinst v1.933 font definitions for OML/mdbch.
)
LaTeX Font Info:    Font shape `OML/mdbch/m/it' will be
(Font)              scaled to size 8.64006pt on input line 77.
LaTeX Font Info:    Font shape `OML/mdbch/m/it' will be
(Font)              scaled to size 5.76004pt on input line 77.
LaTeX Font Info:    Font shape `OML/mdbch/m/it' will be
(Font)              scaled to size 4.80003pt on input line 77.
LaTeX Font Info:    Trying to load font information for OMS+mdbch on input line
 77.

(/Users/josecaro/Library/TinyTeX/texmf-dist/tex/latex/mathdesign/mdbch/omsmdbch
.fd
File: omsmdbch.fd 2013/08/29 Fontinst v1.933 font definitions for OMS/mdbch.
)
LaTeX Font Info:    Font shape `OMS/mdbch/m/n' will be
(Font)              scaled to size 8.64006pt on input line 77.
LaTeX Font Info:    Font shape `OMS/mdbch/m/n' will be
(Font)              scaled to size 5.76004pt on input line 77.
LaTeX Font Info:    Font shape `OMS/mdbch/m/n' will be
(Font)              scaled to size 4.80003pt on input line 77.
LaTeX Font Info:    Trying to load font information for OMX+mdbch on input line
 77.

(/Users/josecaro/Library/TinyTeX/texmf-dist/tex/latex/mathdesign/mdbch/omxmdbch
.fd
File: omxmdbch.fd 2013/08/29 Fontinst v1.933 font definitions for OMX/mdbch.
)
LaTeX Font Info:    Font shape `OMX/mdbch/m/n' will be
(Font)              scaled to size 8.64006pt on input line 77.
LaTeX Font Info:    Font shape `OMX/mdbch/m/n' will be
(Font)              scaled to size 5.76004pt on input line 77.
LaTeX Font Info:    Font shape `OMX/mdbch/m/n' will be
(Font)              scaled to size 4.80003pt on input line 77.
LaTeX Font Info:    Trying to load font information for U+msa on input line 77.

(/Users/josecaro/Library/TinyTeX/texmf-dist/tex/latex/amsfonts/umsa.fd
File: umsa.fd 2013/01/14 v3.01 AMS symbols A
) (/Users/josecaro/Library/TinyTeX/texmf-dist/tex/latex/microtype/mt-msa.cfg
File: mt-msa.cfg 2006/02/04 v1.1 microtype config. file: AMS symbols (a) (RS)
)
LaTeX Font Info:    Trying to load font information for U+msb on input line 77.

(/Users/josecaro/Library/TinyTeX/texmf-dist/tex/latex/amsfonts/umsb.fd
File: umsb.fd 2013/01/14 v3.01 AMS symbols B
) (/Users/josecaro/Library/TinyTeX/texmf-dist/tex/latex/microtype/mt-msb.cfg
File: mt-msb.cfg 2005/06/01 v1.0 microtype config. file: AMS symbols (b) (RS)
)
LaTeX Font Info:    Font shape `OML/mdbch/m/n' will be
(Font)              scaled to size 8.64006pt on input line 77.
LaTeX Font Info:    Font shape `OML/mdbch/m/n' will be
(Font)              scaled to size 5.76004pt on input line 77.
LaTeX Font Info:    Font shape `OML/mdbch/m/n' will be
(Font)              scaled to size 4.80003pt on input line 77.
LaTeX Font Info:    Trying to load font information for MDA+mdbch on input line
 77.

(/Users/josecaro/Library/TinyTeX/texmf-dist/tex/latex/mathdesign/mdbch/mdamdbch
.fd
File: mdamdbch.fd 2013/08/29 Fontinst v1.933 font definitions for MDA/mdbch.
)
LaTeX Font Info:    Font shape `MDA/mdbch/m/n' will be
(Font)              scaled to size 8.64006pt on input line 77.
LaTeX Font Info:    Font shape `MDA/mdbch/m/n' will be
(Font)              scaled to size 5.76004pt on input line 77.
LaTeX Font Info:    Font shape `MDA/mdbch/m/n' will be
(Font)              scaled to size 4.80003pt on input line 77.
LaTeX Font Info:    Trying to load font information for MDB+mdbch on input line
 77.

(/Users/josecaro/Library/TinyTeX/texmf-dist/tex/latex/mathdesign/mdbch/mdbmdbch
.fd
File: mdbmdbch.fd 2013/08/29 Fontinst v1.933 font definitions for MDB/mdbch.
)
LaTeX Font Info:    Font shape `MDB/mdbch/m/n' will be
(Font)              scaled to size 8.64006pt on input line 77.
LaTeX Font Info:    Font shape `MDB/mdbch/m/n' will be
(Font)              scaled to size 5.76004pt on input line 77.
LaTeX Font Info:    Font shape `MDB/mdbch/m/n' will be
(Font)              scaled to size 4.80003pt on input line 77.
LaTeX Font Info:    Font shape `T1/mdbch/m/n' will be
(Font)              scaled to size 6.72005pt on input line 77.
LaTeX Font Info:    Font shape `T1/mdbch/m/n' will be
(Font)              scaled to size 9.60007pt on input line 83.
LaTeX Font Info:    Font shape `T1/phv/m/n' will be
(Font)              scaled to size 8.82996pt on input line 83.
LaTeX Font Info:    Font shape `T1/phv/b/n' will be
(Font)              scaled to size 8.82996pt on input line 83.
LaTeX Font Info:    Font shape `T1/mdbch/m/n' will be
(Font)              scaled to size 5.76004pt on input line 86.
LaTeX Font Info:    Font shape `OT1/mdbch/m/n' will be
(Font)              scaled to size 6.72005pt on input line 86.
LaTeX Font Info:    Font shape `OML/mdbch/m/it' will be
(Font)              scaled to size 6.72005pt on input line 86.
LaTeX Font Info:    Font shape `OMS/mdbch/m/n' will be
(Font)              scaled to size 6.72005pt on input line 86.
LaTeX Font Info:    Font shape `OMX/mdbch/m/n' will be
(Font)              scaled to size 6.72005pt on input line 86.
LaTeX Font Info:    Font shape `OML/mdbch/m/n' will be
(Font)              scaled to size 6.72005pt on input line 86.
LaTeX Font Info:    Font shape `MDA/mdbch/m/n' will be
(Font)              scaled to size 6.72005pt on input line 86.
LaTeX Font Info:    Font shape `MDB/mdbch/m/n' will be
(Font)              scaled to size 6.72005pt on input line 86.
LaTeX Font Info:    Font shape `T1/mdbch/m/n' will be
(Font)              scaled to size 4.80003pt on input line 86.
LaTeX Font Info:    Font shape `T1/phv/m/n' will be
(Font)              scaled to size 5.29797pt on input line 86.

Package hyperref Warning: The anchor of a bookmark and its parent's must not
(hyperref)                be the same. Added a new anchor on input line 99.

LaTeX Font Info:    Font shape `T1/mdbch/m/it' will be
(Font)              scaled to size 8.64006pt on input line 106.

Package hyperref Warning: The anchor of a bookmark and its parent's must not
(hyperref)                be the same. Added a new anchor on input line 112.

LaTeX Font Info:    Trying to load font information for T1+lmtt on input line 1
23.
(/Users/josecaro/Library/TinyTeX/texmf-dist/tex/latex/lm/t1lmtt.fd
File: t1lmtt.fd 2009/10/30 v1.6 Font defs for Latin Modern
)
Package microtype Info: Loading generic protrusion settings for font family
(microtype)             `lmtt' (encoding: T1).
(microtype)             For optimal results, create family-specific settings.
(microtype)             See the microtype manual for details.
<figures/RStudio-Screenshot.png, id=292, 2237.35875pt x 1256.695pt>
File: figures/RStudio-Screenshot.png Graphic file (type png)
<use figures/RStudio-Screenshot.png>
Package pdftex.def Info: figures/RStudio-Screenshot.png  used on input line 137
.
(pdftex.def)             Requested size: 245.71754pt x 138.00676pt.
LaTeX Font Info:    Font shape `T1/phv/b/n' will be
(Font)              scaled to size 6.18097pt on input line 141.

Package hyperref Warning: The anchor of a bookmark and its parent's must not
(hyperref)                be the same. Added a new anchor on input line 172.

Package mdframed Info: mdframed works in twoside mode on input line 178.
LaTeX Font Info:    Trying to load font information for TS1+lmtt on input line 
191.
(/Users/josecaro/Library/TinyTeX/texmf-dist/tex/latex/lm/ts1lmtt.fd
File: ts1lmtt.fd 2009/10/30 v1.6 Font defs for Latin Modern
)
Package microtype Info: Loading generic protrusion settings for font family
(microtype)             `lmtt' (encoding: TS1).
(microtype)             For optimal results, create family-specific settings.
(microtype)             See the microtype manual for details.
Package microtype Info: Character `texttrademark ' is missing
(microtype)             in font `TS1/lmtt/m/n/9'.
(microtype)             Ignoring protrusion settings for this character.
Package mdframed Info: mdframed works in twoside mode on input line 194.
Package mdframed Info: mdframed works in twoside mode on input line 215.
LaTeX Font Info:    Font shape `T1/mdbch/m/n' will be
(Font)              scaled to size 81.94449pt on input line 245.
LaTeX Font Info:    Trying to load font information for T1+bch on input line 24
5.
(/Users/josecaro/Library/TinyTeX/texmf-dist/tex/latex/psnfss/t1bch.fd
File: t1bch.fd 2004/10/18 font definitions for T1/bch.
) [1{/Users/josecaro/Library/TinyTeX/texmf-var/fonts/map/pdftex/updmap/pdftex.m
ap}


 <./figures/RStudio-Screenshot.png>]
Package mdframed Info: mdframed works in twoside mode on input line 269.
LaTeX Font Info:    Font shape `T1/mdbch/b/n' will be
(Font)              scaled to size 8.64006pt on input line 290.
LaTeX Font Info:    Font shape `T1/mdbch/b/it' will be
(Font)              scaled to size 8.64006pt on input line 290.
Package mdframed Info: mdframed works in twoside mode on input line 295.

Package hyperref Warning: The anchor of a bookmark and its parent's must not
(hyperref)                be the same. Added a new anchor on input line 305.

Package mdframed Info: mdframed works in twoside mode on input line 309.
Package mdframed Info: mdframed works in twoside mode on input line 316.
Package mdframed Info: mdframed works in twoside mode on input line 331.
Package mdframed Info: mdframed works in twoside mode on input line 349.
Package mdframed Info: mdframed works in twoside mode on input line 362.

Package hyperref Warning: The anchor of a bookmark and its parent's must not
(hyperref)                be the same. Added a new anchor on input line 376.


Underfull \hbox (badness 2726) in paragraph at lines 391--393
[]\T1/mdbch/m/n/9 (+20) Logartmicas y Ex-po-nen-cia-les: \T1/lmtt/m/n/9 exp()\
T1/mdbch/m/n/9 (+20) , \T1/lmtt/m/n/9 log()\T1/mdbch/m/n/9 (+20) , \T1/lmtt/m/n
/9 log10()\T1/mdbch/m/n/9 (+20) ,
 []

Package mdframed Info: mdframed works in twoside mode on input line 395.
Package mdframed Info: mdframed works in twoside mode on input line 434.

Package hyperref Warning: The anchor of a bookmark and its parent's must not
(hyperref)                be the same. Added a new anchor on input line 445.

Package mdframed Info: mdframed works in twoside mode on input line 449.
Package mdframed Info: mdframed works in twoside mode on input line 465.
Package mdframed Info: Not enough space on this page on input line 476.
[2]
Package mdframed Info: Not enough space on this page on input line 476.
Package mdframed Info: mdframed works in twoside mode on input line 481.
Package mdframed Info: mdframed works in twoside mode on input line 501.
Package mdframed Info: mdframed works in twoside mode on input line 516.
Package mdframed Info: mdframed works in twoside mode on input line 533.

Package hyperref Warning: The anchor of a bookmark and its parent's must not
(hyperref)                be the same. Added a new anchor on input line 564.

Package mdframed Info: mdframed works in twoside mode on input line 572.
Package mdframed Info: mdframed works in twoside mode on input line 588.
Package mdframed Info: mdframed works in twoside mode on input line 651.
[3]
Package mdframed Info: mdframed works in twoside mode on input line 677.

Package hyperref Warning: The anchor of a bookmark and its parent's must not
(hyperref)                be the same. Added a new anchor on input line 684.


Underfull \hbox (badness 1946) in paragraph at lines 709--716
[]\T1/mdbch/m/n/9 (+20) Primero im-por-ta-re-mos los da-tos de un ar-chi-vo lla
-ma-do
 []


Underfull \hbox (badness 2626) in paragraph at lines 709--716
\T1/lmtt/m/n/9 ChickWeight.csv \T1/mdbch/m/n/9 (+20) usan-do la fun-cin \T1/lm
tt/m/n/9 fread() \T1/mdbch/m/n/9 (+20) del pa-que-te
 []

Package mdframed Info: mdframed works in twoside mode on input line 717.

Package hyperref Warning: The anchor of a bookmark and its parent's must not
(hyperref)                be the same. Added a new anchor on input line 725.

Package mdframed Info: mdframed works in twoside mode on input line 753.
Package mdframed Info: mdframed works in twoside mode on input line 772.
Package microtype Info: Character `texttrademark ' is missing
(microtype)             in font `TS1/lmtt/m/it/9'.
(microtype)             Ignoring protrusion settings for this character.

Package hyperref Warning: The anchor of a bookmark and its parent's must not
(hyperref)                be the same. Added a new anchor on input line 801.


Package hyperref Warning: The anchor of a bookmark and its parent's must not
(hyperref)                be the same. Added a new anchor on input line 824.

[4]
Package mdframed Info: mdframed works in twoside mode on input line 839.
<introR_files/figure-latex/emptyPlot-1.pdf, id=414, 117.43875pt x 115.43124pt>
File: introR_files/figure-latex/emptyPlot-1.pdf Graphic file (type pdf)
<use introR_files/figure-latex/emptyPlot-1.pdf>
Package pdftex.def Info: introR_files/figure-latex/emptyPlot-1.pdf  used on inp
ut line 850.
(pdftex.def)             Requested size: 117.43845pt x 115.43095pt.
<introR_files/figure-latex/emptyPlot-2.pdf, id=415, 117.43875pt x 115.43124pt>
File: introR_files/figure-latex/emptyPlot-2.pdf Graphic file (type pdf)
<use introR_files/figure-latex/emptyPlot-2.pdf>
Package pdftex.def Info: introR_files/figure-latex/emptyPlot-2.pdf  used on inp
ut line 850.
(pdftex.def)             Requested size: 117.43845pt x 115.43095pt.
Package mdframed Info: mdframed works in twoside mode on input line 866.
<introR_files/figure-latex/addColourPlot-1.pdf, id=416, 239.89626pt x 134.5025p
t>
File: introR_files/figure-latex/addColourPlot-1.pdf Graphic file (type pdf)
<use introR_files/figure-latex/addColourPlot-1.pdf>
Package pdftex.def Info: introR_files/figure-latex/addColourPlot-1.pdf  used on
 input line 874.
(pdftex.def)             Requested size: 239.89566pt x 134.50215pt.
Package mdframed Info: mdframed works in twoside mode on input line 892.
Package mdframed Info: mdframed works in twoside mode on input line 923.
<introR_files/figure-latex/jitterPlot-1.pdf, id=417, 244.915pt x 240.9pt>
File: introR_files/figure-latex/jitterPlot-1.pdf Graphic file (type pdf)
<use introR_files/figure-latex/jitterPlot-1.pdf>
Package pdftex.def Info: introR_files/figure-latex/jitterPlot-1.pdf  used on in
put line 933.
(pdftex.def)             Requested size: 244.91438pt x 240.8994pt.
Package mdframed Info: mdframed works in twoside mode on input line 963.
Package mdframed Info: Not enough space on this page on input line 969.
[5 <./introR_files/figure-latex/emptyPlot-1.pdf> <./introR_files/figure-latex/e
mptyPlot-2.pdf> <./introR_files/figure-latex/addColourPlot-1.pdf> <./introR_fil
es/figure-latex/jitterPlot-1.pdf>]
Package mdframed Info: Not enough space on this page on input line 969.
<introR_files/figure-latex/meanlinesPlot-1.pdf, id=466, 239.89626pt x 134.5025p
t>
File: introR_files/figure-latex/meanlinesPlot-1.pdf Graphic file (type pdf)
<use introR_files/figure-latex/meanlinesPlot-1.pdf>
Package pdftex.def Info: introR_files/figure-latex/meanlinesPlot-1.pdf  used on
 input line 971.
(pdftex.def)             Requested size: 239.89566pt x 134.50215pt.
Package mdframed Info: mdframed works in twoside mode on input line 995.
<introR_files/figure-latex/boxPlot-1.pdf, id=467, 244.915pt x 242.9075pt>
File: introR_files/figure-latex/boxPlot-1.pdf Graphic file (type pdf)
<use introR_files/figure-latex/boxPlot-1.pdf>
Package pdftex.def Info: introR_files/figure-latex/boxPlot-1.pdf  used on input
 line 1005.
(pdftex.def)             Requested size: 244.91438pt x 242.90689pt.
Package mdframed Info: mdframed works in twoside mode on input line 1033.
Package mdframed Info: mdframed works in twoside mode on input line 1048.

Overfull \hbox (6.01877pt too wide) in paragraph at lines 1051--1051
[]\T1/lmtt/m/n/9 #  Warning: \TS1/lmtt/m/n/9 `\T1/lmtt/m/n/9 fun.y\TS1/lmtt/m/n
/9 ` \T1/lmtt/m/n/9 is deprecated. Use \TS1/lmtt/m/n/9 `\T1/lmtt/m/n/9 fun\TS1/
lmtt/m/n/9 ` \T1/lmtt/m/n/9 instead.[] 
 []

<introR_files/figure-latex/finalPlot-1.pdf, id=468, 247.92625pt x 245.91875pt>
File: introR_files/figure-latex/finalPlot-1.pdf Graphic file (type pdf)
<use introR_files/figure-latex/finalPlot-1.pdf>
Package pdftex.def Info: introR_files/figure-latex/finalPlot-1.pdf  used on inp
ut line 1054.
(pdftex.def)             Requested size: 247.92564pt x 245.91814pt.

Overfull \hbox (1.8274pt too wide) in paragraph at lines 1054--1054
 [] 
 []


Package hyperref Warning: The anchor of a bookmark and its parent's must not
(hyperref)                be the same. Added a new anchor on input line 1070.

Package mdframed Info: mdframed works in twoside mode on input line 1075.
[6 <./introR_files/figure-latex/meanlinesPlot-1.pdf> <./introR_files/figure-lat
ex/boxPlot-1.pdf> <./introR_files/figure-latex/finalPlot-1.pdf>]
Package mdframed Info: mdframed works in twoside mode on input line 1106.
Package mdframed Info: mdframed works in twoside mode on input line 1130.
Package mdframed Info: mdframed works in twoside mode on input line 1151.
Package mdframed Info: mdframed works in twoside mode on input line 1173.
Package mdframed Info: mdframed works in twoside mode on input line 1200.
Package mdframed Info: mdframed works in twoside mode on input line 1238.
[7]
Package mdframed Info: mdframed works in twoside mode on input line 1259.

Package hyperref Warning: The anchor of a bookmark and its parent's must not
(hyperref)                be the same. Added a new anchor on input line 1276.

Package mdframed Info: mdframed works in twoside mode on input line 1290.
Package mdframed Info: mdframed works in twoside mode on input line 1316.
LaTeX Font Info:    Font shape `T1/phv/m/n' will be
(Font)              scaled to size 6.62247pt on input line 1350.
LaTeX Font Info:    Calculating math sizes for size <7.5> on input line 1350.
LaTeX Font Info:    Font shape `OT1/mdbch/m/n' will be
(Font)              scaled to size 7.20004pt on input line 1350.
LaTeX Font Info:    Font shape `OT1/mdbch/m/n' will be
(Font)              scaled to size 5.04pt on input line 1350.
LaTeX Font Info:    Font shape `OT1/mdbch/m/n' will be
(Font)              scaled to size 3.60002pt on input line 1350.
LaTeX Font Info:    Font shape `OML/mdbch/m/it' will be
(Font)              scaled to size 7.20004pt on input line 1350.
LaTeX Font Info:    Font shape `OML/mdbch/m/it' will be
(Font)              scaled to size 5.04pt on input line 1350.
LaTeX Font Info:    Font shape `OML/mdbch/m/it' will be
(Font)              scaled to size 3.60002pt on input line 1350.
LaTeX Font Info:    Font shape `OMS/mdbch/m/n' will be
(Font)              scaled to size 7.20004pt on input line 1350.
LaTeX Font Info:    Font shape `OMS/mdbch/m/n' will be
(Font)              scaled to size 5.04pt on input line 1350.
LaTeX Font Info:    Font shape `OMS/mdbch/m/n' will be
(Font)              scaled to size 3.60002pt on input line 1350.
LaTeX Font Info:    Font shape `OMX/mdbch/m/n' will be
(Font)              scaled to size 7.20004pt on input line 1350.
LaTeX Font Info:    Font shape `OMX/mdbch/m/n' will be
(Font)              scaled to size 5.04pt on input line 1350.
LaTeX Font Info:    Font shape `OMX/mdbch/m/n' will be
(Font)              scaled to size 3.60002pt on input line 1350.
LaTeX Font Info:    Font shape `OML/mdbch/m/n' will be
(Font)              scaled to size 7.20004pt on input line 1350.
LaTeX Font Info:    Font shape `OML/mdbch/m/n' will be
(Font)              scaled to size 5.04pt on input line 1350.
LaTeX Font Info:    Font shape `OML/mdbch/m/n' will be
(Font)              scaled to size 3.60002pt on input line 1350.
LaTeX Font Info:    Font shape `MDA/mdbch/m/n' will be
(Font)              scaled to size 7.20004pt on input line 1350.
LaTeX Font Info:    Font shape `MDA/mdbch/m/n' will be
(Font)              scaled to size 5.04pt on input line 1350.
LaTeX Font Info:    Font shape `MDA/mdbch/m/n' will be
(Font)              scaled to size 3.60002pt on input line 1350.
LaTeX Font Info:    Font shape `MDB/mdbch/m/n' will be
(Font)              scaled to size 7.20004pt on input line 1350.
LaTeX Font Info:    Font shape `MDB/mdbch/m/n' will be
(Font)              scaled to size 5.04pt on input line 1350.
LaTeX Font Info:    Font shape `MDB/mdbch/m/n' will be
(Font)              scaled to size 3.60002pt on input line 1350.
LaTeX Font Info:    Font shape `T1/phv/b/n' will be
(Font)              scaled to size 6.62247pt on input line 1352.
LaTeX Font Info:    Font shape `T1/phv/m/it' in size <6> not available
(Font)              Font shape `T1/phv/m/sl' tried instead on input line 1384.
LaTeX Font Info:    Font shape `T1/phv/m/sl' will be
(Font)              scaled to size 5.29797pt on input line 1384.

Package hyperref Warning: The anchor of a bookmark and its parent's must not
(hyperref)                be the same. Added a new anchor on input line 1398.


AED: lastpage setting LastPage
- LAST -
Extra skip:0.0pt
Left:675.94505pt/0.0pt
Right:675.94505pt/0.0pt
Output:675.94505pt
[8] (./introR.aux
LaTeX Info: Redefining \. on input line 27.
LaTeX Info: Redefining \% on input line 27.
)
Package rerunfilecheck Info: File `introR.out' has not changed.
(rerunfilecheck)             Checksum: 7135E32353F0170ED7243C8782437EA9;12178.
 ) 
Here is how much of TeX's memory you used:
 32399 strings out of 480857
 569674 string characters out of 5902822
 966182 words of memory out of 5000000
 48325 multiletter control sequences out of 15000+600000
 515913 words of font info for 436 fonts, out of 8000000 for 9000
 59 hyphenation exceptions out of 8191
 128i,14n,130p,449b,971s stack positions out of 5000i,500n,10000p,200000b,80000s
pdfTeX warning (dest): name{Hfootnote.9} has been referenced but does not exi
st, replaced by a fixed one

pdfTeX warning (dest): name{Hfootnote.8} has been referenced but does not exist
, replaced by a fixed one

pdfTeX warning (dest): name{Hfootnote.7} has been referenced but does not exist
, replaced by a fixed one

pdfTeX warning (dest): name{Hfootnote.6} has been referenced but does not exist
, replaced by a fixed one

pdfTeX warning (dest): name{Hfootnote.5} has been referenced but does not exist
, replaced by a fixed one

pdfTeX warning (dest): name{Hfootnote.4} has been referenced but does not exist
, replaced by a fixed one

pdfTeX warning (dest): name{Hfootnote.3} has been referenced but does not exist
, replaced by a fixed one

pdfTeX warning (dest): name{Hfootnote.2} has been referenced but does not exist
, replaced by a fixed one

pdfTeX warning (dest): name{Hfootnote.1} has been referenced but does not exist
, replaced by a fixed one

{/Users/josecaro/Library/TinyTeX/texmf-dist/fonts/enc/dvips/base/8r.enc}{/Users
/josecaro/Library/TinyTeX/texmf-dist/fonts/enc/dvips/ly1/texnansi.enc}{/Users/j
osecaro/Library/TinyTeX/texmf-dist/fonts/enc/dvips/lm/lm-ts1.enc}{/Users/joseca
ro/Library/TinyTeX/texmf-dist/fonts/enc/dvips/lm/lm-ec.enc}</Users/josecaro/Lib
rary/TinyTeX/texmf-dist/fonts/type1/bitstrea/charter/bchb8a.pfb></Users/josecar
o/Library/TinyTeX/texmf-dist/fonts/type1/bitstrea/charter/bchbi8a.pfb></Users/j
osecaro/Library/TinyTeX/texmf-dist/fonts/type1/bitstrea/charter/bchr8a.pfb></Us
ers/josecaro/Library/TinyTeX/texmf-dist/fonts/type1/bitstrea/charter/bchri8a.pf
b></Users/josecaro/Library/TinyTeX/texmf-dist/fonts/type1/public/lm/lmssbx10.pf
b></Users/josecaro/Library/TinyTeX/texmf-dist/fonts/type1/public/lm/lmtk10.pfb>
</Users/josecaro/Library/TinyTeX/texmf-dist/fonts/type1/public/lm/lmtt8.pfb></U
sers/josecaro/Library/TinyTeX/texmf-dist/fonts/type1/public/lm/lmtt9.pfb></User
s/josecaro/Library/TinyTeX/texmf-dist/fonts/type1/public/lm/lmtti10.pfb></Users
/josecaro/Library/TinyTeX/texmf-dist/fonts/type1/public/mathdesign/mdbch/md-chr
7y.pfb></Users/josecaro/Library/TinyTeX/texmf-dist/fonts/type1/public/mathdesig
n/mdbch/md-chr8t.pfb></Users/josecaro/Library/TinyTeX/texmf-dist/fonts/type1/ur
w/helvetic/uhvb8a.pfb></Users/josecaro/Library/TinyTeX/texmf-dist/fonts/type1/u
rw/helvetic/uhvr8a.pfb></Users/josecaro/Library/TinyTeX/texmf-dist/fonts/type1/
urw/helvetic/uhvro8a.pfb>
Output written on introR.pdf (8 pages, 531793 bytes).
PDF statistics:
 631 PDF objects out of 1000 (max. 8388607)
 578 compressed objects within 6 object streams
 140 named destinations out of 1000 (max. 500000)
 108221 words of extra memory for PDF output out of 128383 (max. 10000000)

